2022-01-05 06:02:24,014 DEBUG SksRezervasyon.WebAPI.Logger.Debug [27] - MESSAGE: KutuphaneRezervasyonYap Started{"OgrenciId":null,"BaslangicSaati":"16:00-17:00","Tarih":"2022-01-05T03:01:27.136Z","OdaNo":1}
 2022-01-05 06:02:24,029 DEBUG SksRezervasyon.WebAPI.Logger.Debug [27] - MESSAGE: KutuphaneRezervasyonMusaitListele{"data":{"BaslangicSaati":["9:00-10:00","10:00-11:00","11:00-12:00","12:00-13:00","14:00-15:00","15:00-16:00","17:00-18:00","18:00-19:00","19:00-20:00"]},"success":true,"status":0,"message":"Baþarýlý"}
 2022-01-05 06:02:31,368 DEBUG SksRezervasyon.WebAPI.Logger.Debug [27] - MESSAGE: KutuphaneRezervasyonYap Started{"OgrenciId":null,"BaslangicSaati":"17:00-18:00","Tarih":"2022-01-05T03:01:27.136Z","OdaNo":1}
 2022-01-05 06:02:31,376 DEBUG SksRezervasyon.WebAPI.Logger.Debug [27] - MESSAGE: KutuphaneRezervasyonMusaitListele Started{"Tarih":"2022-01-05T03:01:27.136Z","OdaNo":1}
 2022-01-05 06:02:31,399 DEBUG SksRezervasyon.WebAPI.Logger.Debug [27] - MESSAGE: KutuphaneRezervasyonMusaitListele{"data":{"BaslangicSaati":["9:00-10:00","10:00-11:00","11:00-12:00","12:00-13:00","14:00-15:00","15:00-16:00","18:00-19:00","19:00-20:00"]},"success":true,"status":0,"message":"Baþarýlý"}
 2022-01-05 06:02:34,602 DEBUG SksRezervasyon.WebAPI.Logger.Debug [27] - MESSAGE: KutuphaneRezervasyonYap Started{"OgrenciId":null,"BaslangicSaati":"17:00-18:00","Tarih":"2022-01-05T03:01:27.136Z","OdaNo":1}
 2022-01-05 06:02:34,608 DEBUG SksRezervasyon.WebAPI.Logger.Debug [27] - MESSAGE: KutuphaneRezervasyonMusaitListele Started{"Tarih":"2022-01-05T03:01:27.136Z","OdaNo":1}
 2022-01-05 06:02:34,614 DEBUG SksRezervasyon.WebAPI.Logger.Debug [27] - MESSAGE: KutuphaneRezervasyonMusaitListele{"data":{"BaslangicSaati":["9:00-10:00","10:00-11:00","11:00-12:00","12:00-13:00","14:00-15:00","15:00-16:00","18:00-19:00","19:00-20:00"]},"success":true,"status":0,"message":"Baþarýlý"}
 2022-01-05 06:02:38,485 DEBUG SksRezervasyon.WebAPI.Logger.Debug [27] - MESSAGE: KutuphaneRezervasyonYap Started{"OgrenciId":null,"BaslangicSaati":"9:00-10:00","Tarih":"2022-01-05T03:01:27.136Z","OdaNo":1}
 2022-01-05 06:02:38,491 DEBUG SksRezervasyon.WebAPI.Logger.Debug [27] - MESSAGE: KutuphaneRezervasyonMusaitListele Started{"Tarih":"2022-01-05T03:01:27.136Z","OdaNo":1}
 2022-01-05 06:02:38,497 DEBUG SksRezervasyon.WebAPI.Logger.Debug [27] - MESSAGE: KutuphaneRezervasyonMusaitListele{"data":{"BaslangicSaati":["10:00-11:00","11:00-12:00","12:00-13:00","14:00-15:00","15:00-16:00","18:00-19:00","19:00-20:00"]},"success":true,"status":0,"message":"Baþarýlý"}
 2022-01-05 06:02:45,047 DEBUG SksRezervasyon.WebAPI.Logger.Debug [27] - MESSAGE: KutuphaneRezervasyonListele Started{"OgrenciId":null}
 2022-01-05 06:02:45,065 DEBUG SksRezervasyon.WebAPI.Logger.Debug [27] - MESSAGE: KutuphaneRezervasyonListele{"data":[{"KutuphaneId":3,"Tarih":"2022-01-05T00:00:00","BaslangicSaati":"13:00-14:00","OdaNo":1},{"KutuphaneId":4,"Tarih":"2022-01-05T00:00:00","BaslangicSaati":"13:00-14:00","OdaNo":1},{"KutuphaneId":5,"Tarih":"2022-01-05T00:00:00","BaslangicSaati":"16:00-17:00","OdaNo":1},{"KutuphaneId":6,"Tarih":"2022-01-05T00:00:00","BaslangicSaati":"16:00-17:00","OdaNo":1},{"KutuphaneId":7,"Tarih":"2022-01-05T00:00:00","BaslangicSaati":"17:00-18:00","OdaNo":1},{"KutuphaneId":8,"Tarih":"2022-01-05T00:00:00","BaslangicSaati":"17:00-18:00","OdaNo":1},{"KutuphaneId":9,"Tarih":"2022-01-05T00:00:00","BaslangicSaati":"9:00-10:00","OdaNo":1}],"success":true,"status":0,"message":"Baþarýlý"}
 2022-01-05 06:02:52,432 DEBUG SksRezervasyon.WebAPI.Logger.Debug [27] - MESSAGE: YemekhaneRezervasyonMusaitListele Started{}
 2022-01-05 06:02:52,462 DEBUG SksRezervasyon.WebAPI.Logger.Debug [27] - MESSAGE: YemekhaneRezervasyonMusaitListele{"data":[{"YemekhaneId":1,"Tarih":"2022-01-17T00:00:00","Fiyat":"3,5","Ogun":"Oglen"},{"YemekhaneId":2,"Tarih":"2022-01-18T00:00:00","Fiyat":"3,5","Ogun":"Oglen"},{"YemekhaneId":3,"Tarih":"2022-01-19T00:00:00","Fiyat":"3,5","Ogun":"Oglen"},{"YemekhaneId":4,"Tarih":"2022-01-19T00:00:00","Fiyat":"1,5","Ogun":"Aksam"},{"YemekhaneId":5,"Tarih":"2022-01-20T00:00:00","Fiyat":"3,5","Ogun":"Oglen"},{"YemekhaneId":6,"Tarih":"2022-01-21T00:00:00","Fiyat":"3,5","Ogun":"Oglen"},{"YemekhaneId":7,"Tarih":"2022-01-21T00:00:00","Fiyat":"2","Ogun":"Kahvaltý"}],"success":true,"status":0,"message":"Baþarýlý"}
 2022-01-05 06:02:53,170 DEBUG SksRezervasyon.WebAPI.Logger.Debug [27] - MESSAGE: KutuphaneRezervasyonMusaitListele Started{"Tarih":"2022-01-05T03:02:53.147Z","OdaNo":1}
 2022-01-05 06:02:53,176 DEBUG SksRezervasyon.WebAPI.Logger.Debug [27] - MESSAGE: KutuphaneRezervasyonMusaitListele{"data":{"BaslangicSaati":["10:00-11:00","11:00-12:00","12:00-13:00","14:00-15:00","15:00-16:00","18:00-19:00","19:00-20:00"]},"success":true,"status":0,"message":"Baþarýlý"}
 2022-01-05 06:03:17,892 DEBUG SksRezervasyon.WebAPI.Logger.Debug [27] - MESSAGE: KutuphaneRezervasyonMusaitListele Started{"Tarih":"2022-01-05T03:03:17.808Z","OdaNo":1}
 2022-01-05 06:03:17,896 DEBUG SksRezervasyon.WebAPI.Logger.Debug [27] - MESSAGE: KutuphaneRezervasyonMusaitListele{"data":{"BaslangicSaati":["10:00-11:00","11:00-12:00","12:00-13:00","14:00-15:00","15:00-16:00","18:00-19:00","19:00-20:00"]},"success":true,"status":0,"message":"Baþarýlý"}
 2022-01-05 06:03:21,511 DEBUG SksRezervasyon.WebAPI.Logger.Debug [27] - MESSAGE: KutuphaneRezervasyonMusaitListele Started{"Tarih":"2022-01-05T03:03:21.451Z","OdaNo":1}
 2022-01-05 06:03:21,521 DEBUG SksRezervasyon.WebAPI.Logger.Debug [27] - MESSAGE: KutuphaneRezervasyonMusaitListele{"data":{"BaslangicSaati":["10:00-11:00","11:00-12:00","12:00-13:00","14:00-15:00","15:00-16:00","18:00-19:00","19:00-20:00"]},"success":true,"status":0,"message":"Baþarýlý"}
 2022-01-05 06:03:23,423 DEBUG SksRezervasyon.WebAPI.Logger.Debug [27] - MESSAGE: KutuphaneRezervasyonYap Started{"OgrenciId":null,"BaslangicSaati":"11:00-12:00","Tarih":"2022-01-05T03:03:21.451Z","OdaNo":1}
 2022-01-05 06:03:23,428 DEBUG SksRezervasyon.WebAPI.Logger.Debug [27] - MESSAGE: KutuphaneRezervasyonMusaitListele Started{"Tarih":"2022-01-05T03:03:21.451Z","OdaNo":1}
 2022-01-05 06:03:23,435 DEBUG SksRezervasyon.WebAPI.Logger.Debug [27] - MESSAGE: KutuphaneRezervasyonMusaitListele{"data":{"BaslangicSaati":["10:00-11:00","12:00-13:00","14:00-15:00","15:00-16:00","18:00-19:00","19:00-20:00"]},"success":true,"status":0,"message":"Baþarýlý"}
 2022-01-05 06:03:25,691 DEBUG SksRezervasyon.WebAPI.Logger.Debug [27] - MESSAGE: KutuphaneRezervasyonYap Started{"OgrenciId":null,"BaslangicSaati":"12:00-13:00","Tarih":"2022-01-05T03:03:21.451Z","OdaNo":1}
 2022-01-05 06:03:25,698 DEBUG SksRezervasyon.WebAPI.Logger.Debug [27] - MESSAGE: KutuphaneRezervasyonMusaitListele Started{"Tarih":"2022-01-05T03:03:21.451Z","OdaNo":1}
 2022-01-05 06:03:25,705 DEBUG SksRezervasyon.WebAPI.Logger.Debug [27] - MESSAGE: KutuphaneRezervasyonMusaitListele{"data":{"BaslangicSaati":["10:00-11:00","14:00-15:00","15:00-16:00","18:00-19:00","19:00-20:00"]},"success":true,"status":0,"message":"Baþarýlý"}
 2022-01-05 06:03:27,369 DEBUG SksRezervasyon.WebAPI.Logger.Debug [27] - MESSAGE: KutuphaneRezervasyonYap Started{"OgrenciId":null,"BaslangicSaati":"15:00-16:00","Tarih":"2022-01-05T03:03:21.451Z","OdaNo":1}
 2022-01-05 06:03:27,375 DEBUG SksRezervasyon.WebAPI.Logger.Debug [27] - MESSAGE: KutuphaneRezervasyonMusaitListele Started{"Tarih":"2022-01-05T03:03:21.451Z","OdaNo":1}
 2022-01-05 06:03:27,382 DEBUG SksRezervasyon.WebAPI.Logger.Debug [27] - MESSAGE: KutuphaneRezervasyonMusaitListele{"data":{"BaslangicSaati":["10:00-11:00","14:00-15:00","18:00-19:00","19:00-20:00"]},"success":true,"status":0,"message":"Baþarýlý"}
 2022-01-05 06:03:29,742 DEBUG SksRezervasyon.WebAPI.Logger.Debug [27] - MESSAGE: KutuphaneRezervasyonYap Started{"OgrenciId":null,"BaslangicSaati":"19:00-20:00","Tarih":"2022-01-05T03:03:21.451Z","OdaNo":1}
 2022-01-05 06:03:29,748 DEBUG SksRezervasyon.WebAPI.Logger.Debug [27] - MESSAGE: KutuphaneRezervasyonMusaitListele Started{"Tarih":"2022-01-05T03:03:21.451Z","OdaNo":1}
 2022-01-05 06:03:29,755 DEBUG SksRezervasyon.WebAPI.Logger.Debug [27] - MESSAGE: KutuphaneRezervasyonMusaitListele{"data":{"BaslangicSaati":["10:00-11:00","14:00-15:00","18:00-19:00"]},"success":true,"status":0,"message":"Baþarýlý"}
 2022-01-05 06:03:32,108 DEBUG SksRezervasyon.WebAPI.Logger.Debug [27] - MESSAGE: KutuphaneRezervasyonYap Started{"OgrenciId":null,"BaslangicSaati":"19:00-20:00","Tarih":"2022-01-05T03:03:21.451Z","OdaNo":1}
 2022-01-05 06:03:32,113 DEBUG SksRezervasyon.WebAPI.Logger.Debug [27] - MESSAGE: KutuphaneRezervasyonMusaitListele Started{"Tarih":"2022-01-05T03:03:21.451Z","OdaNo":1}
 2022-01-05 06:03:32,120 DEBUG SksRezervasyon.WebAPI.Logger.Debug [27] - MESSAGE: KutuphaneRezervasyonMusaitListele{"data":{"BaslangicSaati":["10:00-11:00","14:00-15:00","18:00-19:00"]},"success":true,"status":0,"message":"Baþarýlý"}
 2022-01-05 06:03:42,172 DEBUG SksRezervasyon.WebAPI.Logger.Debug [27] - MESSAGE: KutuphaneRezervasyonMusaitListele Started{"Tarih":"2022-01-05T03:03:42.105Z","OdaNo":1}
 2022-01-05 06:03:42,178 DEBUG SksRezervasyon.WebAPI.Logger.Debug [27] - MESSAGE: KutuphaneRezervasyonMusaitListele{"data":{"BaslangicSaati":["10:00-11:00","14:00-15:00","18:00-19:00"]},"success":true,"status":0,"message":"Baþarýlý"}
 2022-01-05 06:03:43,992 DEBUG SksRezervasyon.WebAPI.Logger.Debug [27] - MESSAGE: KutuphaneRezervasyonMusaitListele{"data":{"BaslangicSaati":["10:00-11:00","14:00-15:00","18:00-19:00"]},"success":true,"status":0,"message":"Baþarýlý"}
 2022-01-05 06:03:44,000 DEBUG SksRezervasyon.WebAPI.Logger.Debug [27] - MESSAGE: KutuphaneRezervasyonYap{"data":null,"success":false,"status":-1,"message":"BaslangicSaati boþ olamaz"}
 2022-01-05 06:03:50,633 DEBUG SksRezervasyon.WebAPI.Logger.Debug [27] - MESSAGE: KutuphaneRezervasyonMusaitListele Started{"Tarih":"2022-01-05T03:03:50.567Z","OdaNo":1}
 2022-01-05 06:03:50,641 DEBUG SksRezervasyon.WebAPI.Logger.Debug [27] - MESSAGE: KutuphaneRezervasyonMusaitListele{"data":{"BaslangicSaati":["10:00-11:00","14:00-15:00","18:00-19:00"]},"success":true,"status":0,"message":"Baþarýlý"}
 2022-01-05 06:03:52,479 DEBUG SksRezervasyon.WebAPI.Logger.Debug [27] - MESSAGE: KutuphaneRezervasyonMusaitListele{"data":{"BaslangicSaati":["10:00-11:00","14:00-15:00","18:00-19:00"]},"success":true,"status":0,"message":"Baþarýlý"}
 2022-01-05 06:04:09,234 DEBUG SksRezervasyon.WebAPI.Logger.Debug [27] - MESSAGE: KutuphaneRezervasyonMusaitListele Started{"Tarih":"2022-01-05T03:04:09.174Z","OdaNo":1}
 2022-01-05 06:04:09,245 DEBUG SksRezervasyon.WebAPI.Logger.Debug [27] - MESSAGE: KutuphaneRezervasyonMusaitListele{"data":{"BaslangicSaati":["10:00-11:00","14:00-15:00","18:00-19:00"]},"success":true,"status":0,"message":"Baþarýlý"}
 2022-01-05 06:04:17,786 DEBUG SksRezervasyon.WebAPI.Logger.Debug [27] - MESSAGE: KutuphaneRezervasyonYap Started{"OgrenciId":null,"BaslangicSaati":"","Tarih":"2022-01-05T03:04:09.174Z","OdaNo":1}
 2022-01-05 06:04:17,798 DEBUG SksRezervasyon.WebAPI.Logger.Debug [27] - MESSAGE: KutuphaneRezervasyonMusaitListele{"data":{"BaslangicSaati":["10:00-11:00","14:00-15:00","18:00-19:00"]},"success":true,"status":0,"message":"Baþarýlý"}
 2022-01-05 06:04:18,739 DEBUG SksRezervasyon.WebAPI.Logger.Debug [27] - MESSAGE: KutuphaneRezervasyonYap Started{"OgrenciId":null,"BaslangicSaati":"","Tarih":"2022-01-05T03:04:09.174Z","OdaNo":1}
 2022-01-05 06:04:18,748 DEBUG SksRezervasyon.WebAPI.Logger.Debug [27] - MESSAGE: KutuphaneRezervasyonMusaitListele Started{"Tarih":"2022-01-05T03:04:09.174Z","OdaNo":1}
 2022-01-05 06:04:18,753 DEBUG SksRezervasyon.WebAPI.Logger.Debug [27] - MESSAGE: KutuphaneRezervasyonMusaitListele{"data":{"BaslangicSaati":["10:00-11:00","14:00-15:00","18:00-19:00"]},"success":true,"status":0,"message":"Baþarýlý"}
 2022-01-05 06:04:30,973 DEBUG SksRezervasyon.WebAPI.Logger.Debug [27] - MESSAGE: KutuphaneRezervasyonMusaitListele Started{"Tarih":"2022-01-05T03:04:09.174Z","OdaNo":1}
 2022-01-05 06:04:30,979 DEBUG SksRezervasyon.WebAPI.Logger.Debug [27] - MESSAGE: KutuphaneRezervasyonMusaitListele{"data":{"BaslangicSaati":["10:00-11:00","14:00-15:00","18:00-19:00"]},"success":true,"status":0,"message":"Baþarýlý"}
 2022-01-05 06:05:02,136 DEBUG SksRezervasyon.WebAPI.Logger.Debug [27] - MESSAGE: KutuphaneRezervasyonMusaitListele Started{"Tarih":"2022-01-05T03:04:09.174Z","OdaNo":3}
 2022-01-05 06:05:02,146 DEBUG SksRezervasyon.WebAPI.Logger.Debug [27] - MESSAGE: KutuphaneRezervasyonMusaitListele{"data":{"BaslangicSaati":["9:00-10:00","10:00-11:00","11:00-12:00","12:00-13:00","13:00-14:00","14:00-15:00","15:00-16:00","16:00-17:00","17:00-18:00","18:00-19:00","19:00-20:00"]},"success":true,"status":0,"message":"Baþarýlý"}
 2022-01-05 06:05:05,329 DEBUG SksRezervasyon.WebAPI.Logger.Debug [27] - MESSAGE: KutuphaneRezervasyonMusaitListele Started{"Tarih":"2022-01-05T03:04:09.174Z","OdaNo":1}
 2022-01-05 06:05:05,335 DEBUG SksRezervasyon.WebAPI.Logger.Debug [27] - MESSAGE: KutuphaneRezervasyonMusaitListele{"data":{"BaslangicSaati":["10:00-11:00","14:00-15:00","18:00-19:00"]},"success":true,"status":0,"message":"Baþarýlý"}
 2022-01-05 06:05:09,854 DEBUG SksRezervasyon.WebAPI.Logger.Debug [27] - MESSAGE: KutuphaneRezervasyonYap{"data":null,"success":false,"status":-1,"message":"BaslangicSaati boþ olamaz"}
 2022-01-05 06:05:09,863 DEBUG SksRezervasyon.WebAPI.Logger.Debug [27] - MESSAGE: KutuphaneRezervasyonMusaitListele{"data":{"BaslangicSaati":["10:00-11:00","14:00-15:00","18:00-19:00"]},"success":true,"status":0,"message":"Baþarýlý"}
 2022-01-05 06:05:12,783 DEBUG SksRezervasyon.WebAPI.Logger.Debug [27] - MESSAGE: KutuphaneRezervasyonMusaitListele Started{"Tarih":"2022-01-05T03:04:09.174Z","OdaNo":1}
 2022-01-05 06:05:12,791 DEBUG SksRezervasyon.WebAPI.Logger.Debug [27] - MESSAGE: KutuphaneRezervasyonMusaitListele{"data":{"BaslangicSaati":["14:00-15:00","18:00-19:00"]},"success":true,"status":0,"message":"Baþarýlý"}
 2022-01-05 06:05:27,923 DEBUG SksRezervasyon.WebAPI.Logger.Debug [27] - MESSAGE: KutuphaneRezervasyonMusaitListele Started{"Tarih":"2022-01-05T03:05:27.861Z","OdaNo":1}
 2022-01-05 06:05:27,929 DEBUG SksRezervasyon.WebAPI.Logger.Debug [27] - MESSAGE: KutuphaneRezervasyonMusaitListele{"data":{"BaslangicSaati":["14:00-15:00","18:00-19:00"]},"success":true,"status":0,"message":"Baþarýlý"}
 2022-01-05 06:05:44,214 DEBUG SksRezervasyon.WebAPI.Logger.Debug [27] - MESSAGE: KutuphaneRezervasyonYap Started{"OgrenciId":null,"BaslangicSaati":"","Tarih":"2022-01-05T03:05:27.861Z","OdaNo":1}
 2022-01-05 06:05:44,225 DEBUG SksRezervasyon.WebAPI.Logger.Debug [27] - MESSAGE: KutuphaneRezervasyonMusaitListele Started{"Tarih":"2022-01-05T03:05:27.861Z","OdaNo":1}
 2022-01-05 06:05:44,232 DEBUG SksRezervasyon.WebAPI.Logger.Debug [27] - MESSAGE: KutuphaneRezervasyonMusaitListele{"data":{"BaslangicSaati":["14:00-15:00","18:00-19:00"]},"success":true,"status":0,"message":"Baþarýlý"}
 2022-01-05 06:05:48,812 DEBUG SksRezervasyon.WebAPI.Logger.Debug [27] - MESSAGE: KutuphaneRezervasyonYap Started{"OgrenciId":null,"BaslangicSaati":"14:00-15:00","Tarih":"2022-01-05T03:05:27.861Z","OdaNo":1}
 2022-01-05 06:05:48,820 DEBUG SksRezervasyon.WebAPI.Logger.Debug [27] - MESSAGE: KutuphaneRezervasyonMusaitListele Started{"Tarih":"2022-01-05T03:05:27.861Z","OdaNo":1}
 2022-01-05 06:05:48,826 DEBUG SksRezervasyon.WebAPI.Logger.Debug [27] - MESSAGE: KutuphaneRezervasyonMusaitListele{"data":{"BaslangicSaati":["18:00-19:00"]},"success":true,"status":0,"message":"Baþarýlý"}
 2022-01-05 06:06:40,343 DEBUG SksRezervasyon.WebAPI.Logger.Debug [27] - MESSAGE: KutuphaneRezervasyonMusaitListele Started{"Tarih":"2022-01-05T03:05:27.861Z","OdaNo":2}
 2022-01-05 06:06:40,353 DEBUG SksRezervasyon.WebAPI.Logger.Debug [27] - MESSAGE: KutuphaneRezervasyonMusaitListele{"data":{"BaslangicSaati":["9:00-10:00","10:00-11:00","11:00-12:00","12:00-13:00","13:00-14:00","14:00-15:00","15:00-16:00","16:00-17:00","17:00-18:00","18:00-19:00","19:00-20:00"]},"success":true,"status":0,"message":"Baþarýlý"}
 2022-01-05 06:06:41,670 DEBUG SksRezervasyon.WebAPI.Logger.Debug [27] - MESSAGE: KutuphaneRezervasyonMusaitListele Started{"Tarih":"2022-01-05T03:05:27.861Z","OdaNo":3}
 2022-01-05 06:06:41,676 DEBUG SksRezervasyon.WebAPI.Logger.Debug [27] - MESSAGE: KutuphaneRezervasyonMusaitListele{"data":{"BaslangicSaati":["9:00-10:00","10:00-11:00","11:00-12:00","12:00-13:00","13:00-14:00","14:00-15:00","15:00-16:00","16:00-17:00","17:00-18:00","18:00-19:00","19:00-20:00"]},"success":true,"status":0,"message":"Baþarýlý"}
 2022-01-05 06:07:34,394 DEBUG SksRezervasyon.WebAPI.Logger.Debug [27] - MESSAGE: KutuphaneRezervasyonMusaitListele Started{"Tarih":"2022-01-05T03:05:27.861Z","OdaNo":3}
 2022-01-05 06:07:34,400 DEBUG SksRezervasyon.WebAPI.Logger.Debug [27] - MESSAGE: KutuphaneRezervasyonMusaitListele{"data":{"BaslangicSaati":["9:00-10:00","10:00-11:00","11:00-12:00","12:00-13:00","13:00-14:00","14:00-15:00","15:00-16:00","16:00-17:00","17:00-18:00","18:00-19:00","19:00-20:00"]},"success":true,"status":0,"message":"Baþarýlý"}
 2022-01-05 06:07:42,103 DEBUG SksRezervasyon.WebAPI.Logger.Debug [27] - MESSAGE: KutuphaneRezervasyonYap Started{"OgrenciId":null,"BaslangicSaati":"13:00-14:00","Tarih":"2022-01-05T03:05:27.861Z","OdaNo":3}
 2022-01-05 06:07:42,107 DEBUG SksRezervasyon.WebAPI.Logger.Debug [27] - MESSAGE: KutuphaneRezervasyonMusaitListele Started{"Tarih":"2022-01-05T03:05:27.861Z","OdaNo":3}
 2022-01-05 06:07:42,115 DEBUG SksRezervasyon.WebAPI.Logger.Debug [27] - MESSAGE: KutuphaneRezervasyonMusaitListele{"data":{"BaslangicSaati":["9:00-10:00","10:00-11:00","11:00-12:00","12:00-13:00","14:00-15:00","15:00-16:00","16:00-17:00","17:00-18:00","18:00-19:00","19:00-20:00"]},"success":true,"status":0,"message":"Baþarýlý"}
 2022-01-05 06:08:20,761 DEBUG SksRezervasyon.WebAPI.Logger.Debug [27] - MESSAGE: KutuphaneRezervasyonMusaitListele Started{"Tarih":"2022-01-05T03:05:27.861Z","OdaNo":3}
 2022-01-05 06:08:20,767 DEBUG SksRezervasyon.WebAPI.Logger.Debug [27] - MESSAGE: KutuphaneRezervasyonMusaitListele{"data":{"BaslangicSaati":["9:00-10:00","10:00-11:00","11:00-12:00","12:00-13:00","14:00-15:00","15:00-16:00","16:00-17:00","17:00-18:00","18:00-19:00","19:00-20:00"]},"success":true,"status":0,"message":"Baþarýlý"}
 2022-01-05 06:08:22,329 DEBUG SksRezervasyon.WebAPI.Logger.Debug [27] - MESSAGE: KutuphaneRezervasyonMusaitListele Started{"Tarih":"2022-01-05T03:08:22.266Z","OdaNo":1}
 2022-01-05 06:08:22,341 DEBUG SksRezervasyon.WebAPI.Logger.Debug [27] - MESSAGE: KutuphaneRezervasyonMusaitListele{"data":{"BaslangicSaati":["18:00-19:00"]},"success":true,"status":0,"message":"Baþarýlý"}
 2022-01-05 06:08:29,748 DEBUG SksRezervasyon.WebAPI.Logger.Debug [27] - MESSAGE: KutuphaneRezervasyonMusaitListele Started{"Tarih":"2022-01-05T03:08:29.691Z","OdaNo":1}
 2022-01-05 06:08:29,753 DEBUG SksRezervasyon.WebAPI.Logger.Debug [27] - MESSAGE: KutuphaneRezervasyonMusaitListele{"data":{"BaslangicSaati":["18:00-19:00"]},"success":true,"status":0,"message":"Baþarýlý"}
 2022-01-05 06:10:51,261 DEBUG SksRezervasyon.WebAPI.Logger.Debug [27] - MESSAGE: KutuphaneRezervasyonMusaitListele Started{"Tarih":"2022-01-05T03:08:29.691Z","OdaNo":1}
 2022-01-05 06:10:51,267 DEBUG SksRezervasyon.WebAPI.Logger.Debug [27] - MESSAGE: KutuphaneRezervasyonMusaitListele{"data":{"BaslangicSaati":["18:00-19:00"]},"success":true,"status":0,"message":"Baþarýlý"}
 2022-01-05 06:10:56,607 DEBUG SksRezervasyon.WebAPI.Logger.Debug [27] - MESSAGE: KutuphaneRezervasyonMusaitListele Started{"Tarih":"2022-01-05T03:10:56.562Z","OdaNo":1}
 2022-01-05 06:10:56,615 DEBUG SksRezervasyon.WebAPI.Logger.Debug [27] - MESSAGE: KutuphaneRezervasyonMusaitListele{"data":{"BaslangicSaati":["18:00-19:00"]},"success":true,"status":0,"message":"Baþarýlý"}
 2022-01-05 06:11:01,948 DEBUG SksRezervasyon.WebAPI.Logger.Debug [27] - MESSAGE: KutuphaneRezervasyonMusaitListele Started{"Tarih":"2022-01-05T03:11:01.9Z","OdaNo":1}
 2022-01-05 06:11:01,953 DEBUG SksRezervasyon.WebAPI.Logger.Debug [27] - MESSAGE: KutuphaneRezervasyonMusaitListele{"data":{"BaslangicSaati":["18:00-19:00"]},"success":true,"status":0,"message":"Baþarýlý"}
 2022-01-05 06:11:28,185 DEBUG SksRezervasyon.WebAPI.Logger.Debug [27] - MESSAGE: KutuphaneRezervasyonMusaitListele Started{"Tarih":"2022-01-05T03:11:01.9Z","OdaNo":1}
 2022-01-05 06:11:28,191 DEBUG SksRezervasyon.WebAPI.Logger.Debug [27] - MESSAGE: KutuphaneRezervasyonMusaitListele{"data":{"BaslangicSaati":["18:00-19:00"]},"success":true,"status":0,"message":"Baþarýlý"}
 2022-01-05 06:11:31,517 DEBUG SksRezervasyon.WebAPI.Logger.Debug [27] - MESSAGE: KutuphaneRezervasyonMusaitListele Started{"Tarih":"2022-01-05T03:11:31.46Z","OdaNo":1}
 2022-01-05 06:11:31,522 DEBUG SksRezervasyon.WebAPI.Logger.Debug [27] - MESSAGE: KutuphaneRezervasyonMusaitListele{"data":{"BaslangicSaati":["18:00-19:00"]},"success":true,"status":0,"message":"Baþarýlý"}
 2022-01-05 06:11:36,005 DEBUG SksRezervasyon.WebAPI.Logger.Debug [27] - MESSAGE: KutuphaneRezervasyonMusaitListele Started{"Tarih":"2022-01-05T03:11:31.46Z","OdaNo":3}
 2022-01-05 06:11:36,014 DEBUG SksRezervasyon.WebAPI.Logger.Debug [27] - MESSAGE: KutuphaneRezervasyonMusaitListele{"data":{"BaslangicSaati":["9:00-10:00","10:00-11:00","11:00-12:00","12:00-13:00","14:00-15:00","15:00-16:00","16:00-17:00","17:00-18:00","18:00-19:00","19:00-20:00"]},"success":true,"status":0,"message":"Baþarýlý"}
 2022-01-05 06:12:16,992 DEBUG SksRezervasyon.WebAPI.Logger.Debug [27] - MESSAGE: KutuphaneRezervasyonMusaitListele Started{"Tarih":"2022-01-05T03:11:31.46Z","OdaNo":3}
 2022-01-05 06:12:16,998 DEBUG SksRezervasyon.WebAPI.Logger.Debug [27] - MESSAGE: KutuphaneRezervasyonMusaitListele{"data":{"BaslangicSaati":["9:00-10:00","10:00-11:00","11:00-12:00","12:00-13:00","14:00-15:00","15:00-16:00","16:00-17:00","17:00-18:00","18:00-19:00","19:00-20:00"]},"success":true,"status":0,"message":"Baþarýlý"}
 2022-01-05 06:12:18,138 DEBUG SksRezervasyon.WebAPI.Logger.Debug [27] - MESSAGE: KutuphaneRezervasyonMusaitListele Started{"Tarih":"2022-01-05T03:12:18.081Z","OdaNo":1}
 2022-01-05 06:12:18,144 DEBUG SksRezervasyon.WebAPI.Logger.Debug [27] - MESSAGE: KutuphaneRezervasyonMusaitListele{"data":{"BaslangicSaati":["18:00-19:00"]},"success":true,"status":0,"message":"Baþarýlý"}
 2022-01-05 06:12:20,850 DEBUG SksRezervasyon.WebAPI.Logger.Debug [27] - MESSAGE: KutuphaneRezervasyonMusaitListele Started{"Tarih":"2022-01-05T03:12:18.081Z","OdaNo":3}
 2022-01-05 06:12:20,855 DEBUG SksRezervasyon.WebAPI.Logger.Debug [27] - MESSAGE: KutuphaneRezervasyonMusaitListele{"data":{"BaslangicSaati":["9:00-10:00","10:00-11:00","11:00-12:00","12:00-13:00","14:00-15:00","15:00-16:00","16:00-17:00","17:00-18:00","18:00-19:00","19:00-20:00"]},"success":true,"status":0,"message":"Baþarýlý"}
 2022-01-05 06:12:22,196 DEBUG SksRezervasyon.WebAPI.Logger.Debug [27] - MESSAGE: KutuphaneRezervasyonMusaitListele Started{"Tarih":"2022-01-05T03:12:18.081Z","OdaNo":2}
 2022-01-05 06:12:22,202 DEBUG SksRezervasyon.WebAPI.Logger.Debug [27] - MESSAGE: KutuphaneRezervasyonMusaitListele{"data":{"BaslangicSaati":["9:00-10:00","10:00-11:00","11:00-12:00","12:00-13:00","13:00-14:00","14:00-15:00","15:00-16:00","16:00-17:00","17:00-18:00","18:00-19:00","19:00-20:00"]},"success":true,"status":0,"message":"Baþarýlý"}
 2022-01-05 06:13:34,314 DEBUG SksRezervasyon.WebAPI.Logger.Debug [27] - MESSAGE: KutuphaneRezervasyonMusaitListele Started{"Tarih":"2022-01-05T03:12:18.081Z","OdaNo":2}
 2022-01-05 06:13:34,323 DEBUG SksRezervasyon.WebAPI.Logger.Debug [27] - MESSAGE: KutuphaneRezervasyonMusaitListele{"data":{"BaslangicSaati":["9:00-10:00","10:00-11:00","11:00-12:00","12:00-13:00","13:00-14:00","14:00-15:00","15:00-16:00","16:00-17:00","17:00-18:00","18:00-19:00","19:00-20:00"]},"success":true,"status":0,"message":"Baþarýlý"}
 2022-01-05 06:13:41,945 DEBUG SksRezervasyon.WebAPI.Logger.Debug [27] - MESSAGE: KutuphaneRezervasyonMusaitListele Started{"Tarih":"2022-01-05T03:12:18.081Z","OdaNo":2}
 2022-01-05 06:13:41,950 DEBUG SksRezervasyon.WebAPI.Logger.Debug [27] - MESSAGE: KutuphaneRezervasyonMusaitListele{"data":{"BaslangicSaati":["9:00-10:00","10:00-11:00","11:00-12:00","12:00-13:00","13:00-14:00","14:00-15:00","15:00-16:00","16:00-17:00","17:00-18:00","18:00-19:00","19:00-20:00"]},"success":true,"status":0,"message":"Baþarýlý"}
 2022-01-05 06:13:45,143 DEBUG SksRezervasyon.WebAPI.Logger.Debug [27] - MESSAGE: KutuphaneRezervasyonYap Started{"OgrenciId":null,"BaslangicSaati":"11:00-12:00","Tarih":"2022-01-05T03:12:18.081Z","OdaNo":2}
 2022-01-05 06:13:45,148 DEBUG SksRezervasyon.WebAPI.Logger.Debug [27] - MESSAGE: KutuphaneRezervasyonMusaitListele Started{"Tarih":"2022-01-05T03:12:18.081Z","OdaNo":2}
 2022-01-05 06:13:45,182 DEBUG SksRezervasyon.WebAPI.Logger.Debug [27] - MESSAGE: KutuphaneRezervasyonYap{"data":{},"success":true,"status":0,"message":"Baþarýlý"}
 2022-01-05 06:13:45,187 DEBUG SksRezervasyon.WebAPI.Logger.Debug [27] - MESSAGE: KutuphaneRezervasyonMusaitListele{"data":{"BaslangicSaati":["9:00-10:00","10:00-11:00","12:00-13:00","13:00-14:00","14:00-15:00","15:00-16:00","16:00-17:00","17:00-18:00","18:00-19:00","19:00-20:00"]},"success":true,"status":0,"message":"Baþarýlý"}
 2022-01-05 06:13:55,415 DEBUG SksRezervasyon.WebAPI.Logger.Debug [27] - MESSAGE: KutuphaneRezervasyonMusaitListele Started{"Tarih":"2022-01-05T03:12:18.081Z","OdaNo":2}
 2022-01-05 06:13:55,423 DEBUG SksRezervasyon.WebAPI.Logger.Debug [27] - MESSAGE: KutuphaneRezervasyonMusaitListele{"data":{"BaslangicSaati":["9:00-10:00","10:00-11:00","12:00-13:00","13:00-14:00","14:00-15:00","15:00-16:00","16:00-17:00","17:00-18:00","18:00-19:00","19:00-20:00"]},"success":true,"status":0,"message":"Baþarýlý"}
 2022-01-05 06:13:59,676 DEBUG SksRezervasyon.WebAPI.Logger.Debug [27] - MESSAGE: KutuphaneRezervasyonMusaitListele Started{"Tarih":"2022-01-05T03:12:18.081Z","OdaNo":2}
 2022-01-05 06:13:59,683 DEBUG SksRezervasyon.WebAPI.Logger.Debug [27] - MESSAGE: KutuphaneRezervasyonMusaitListele{"data":{"BaslangicSaati":["9:00-10:00","10:00-11:00","12:00-13:00","13:00-14:00","14:00-15:00","15:00-16:00","16:00-17:00","17:00-18:00","18:00-19:00","19:00-20:00"]},"success":true,"status":0,"message":"Baþarýlý"}
 2022-01-05 06:14:02,820 DEBUG SksRezervasyon.WebAPI.Logger.Debug [27] - MESSAGE: KutuphaneRezervasyonMusaitListele Started{"Tarih":"2022-01-05T03:12:18.081Z","OdaNo":2}
 2022-01-05 06:14:02,827 DEBUG SksRezervasyon.WebAPI.Logger.Debug [27] - MESSAGE: KutuphaneRezervasyonMusaitListele{"data":{"BaslangicSaati":["9:00-10:00","10:00-11:00","12:00-13:00","13:00-14:00","14:00-15:00","15:00-16:00","16:00-17:00","17:00-18:00","18:00-19:00","19:00-20:00"]},"success":true,"status":0,"message":"Baþarýlý"}
 2022-01-05 06:14:06,120 DEBUG SksRezervasyon.WebAPI.Logger.Debug [27] - MESSAGE: KutuphaneRezervasyonMusaitListele Started{"Tarih":"2022-01-05T03:12:18.081Z","OdaNo":2}
 2022-01-05 06:14:06,126 DEBUG SksRezervasyon.WebAPI.Logger.Debug [27] - MESSAGE: KutuphaneRezervasyonMusaitListele{"data":{"BaslangicSaati":["9:00-10:00","10:00-11:00","12:00-13:00","13:00-14:00","14:00-15:00","15:00-16:00","16:00-17:00","17:00-18:00","18:00-19:00","19:00-20:00"]},"success":true,"status":0,"message":"Baþarýlý"}
 2022-01-05 06:14:30,766 DEBUG SksRezervasyon.WebAPI.Logger.Debug [27] - MESSAGE: KutuphaneRezervasyonMusaitListele Started{"Tarih":"2022-01-05T03:12:18.081Z","OdaNo":2}
 2022-01-05 06:14:30,775 DEBUG SksRezervasyon.WebAPI.Logger.Debug [27] - MESSAGE: KutuphaneRezervasyonMusaitListele{"data":{"BaslangicSaati":["9:00-10:00","10:00-11:00","12:00-13:00","13:00-14:00","14:00-15:00","15:00-16:00","16:00-17:00","17:00-18:00","18:00-19:00","19:00-20:00"]},"success":true,"status":0,"message":"Baþarýlý"}
 2022-01-05 06:14:40,239 DEBUG SksRezervasyon.WebAPI.Logger.Debug [27] - MESSAGE: KutuphaneRezervasyonMusaitListele Started{"Tarih":"2022-01-05T03:12:18.081Z","OdaNo":2}
 2022-01-05 06:14:40,244 DEBUG SksRezervasyon.WebAPI.Logger.Debug [27] - MESSAGE: KutuphaneRezervasyonMusaitListele{"data":{"BaslangicSaati":["9:00-10:00","10:00-11:00","12:00-13:00","13:00-14:00","14:00-15:00","15:00-16:00","16:00-17:00","17:00-18:00","18:00-19:00","19:00-20:00"]},"success":true,"status":0,"message":"Baþarýlý"}
 2022-01-05 06:14:43,948 DEBUG SksRezervasyon.WebAPI.Logger.Debug [27] - MESSAGE: KutuphaneRezervasyonMusaitListele Started{"Tarih":"2022-01-05T03:12:18.081Z","OdaNo":2}
 2022-01-05 06:14:43,955 DEBUG SksRezervasyon.WebAPI.Logger.Debug [27] - MESSAGE: KutuphaneRezervasyonMusaitListele{"data":{"BaslangicSaati":["9:00-10:00","10:00-11:00","12:00-13:00","13:00-14:00","14:00-15:00","15:00-16:00","16:00-17:00","17:00-18:00","18:00-19:00","19:00-20:00"]},"success":true,"status":0,"message":"Baþarýlý"}
 2022-01-05 06:14:48,377 DEBUG SksRezervasyon.WebAPI.Logger.Debug [27] - MESSAGE: KutuphaneRezervasyonMusaitListele Started{"Tarih":"2022-01-05T03:12:18.081Z","OdaNo":2}
 2022-01-05 06:14:48,382 DEBUG SksRezervasyon.WebAPI.Logger.Debug [27] - MESSAGE: KutuphaneRezervasyonMusaitListele{"data":{"BaslangicSaati":["9:00-10:00","10:00-11:00","12:00-13:00","13:00-14:00","14:00-15:00","15:00-16:00","16:00-17:00","17:00-18:00","18:00-19:00","19:00-20:00"]},"success":true,"status":0,"message":"Baþarýlý"}
 2022-01-05 06:14:52,551 DEBUG SksRezervasyon.WebAPI.Logger.Debug [27] - MESSAGE: KutuphaneRezervasyonMusaitListele Started{"Tarih":"2022-01-05T03:12:18.081Z","OdaNo":2}
 2022-01-05 06:14:52,557 DEBUG SksRezervasyon.WebAPI.Logger.Debug [27] - MESSAGE: KutuphaneRezervasyonMusaitListele{"data":{"BaslangicSaati":["9:00-10:00","10:00-11:00","12:00-13:00","13:00-14:00","14:00-15:00","15:00-16:00","16:00-17:00","17:00-18:00","18:00-19:00","19:00-20:00"]},"success":true,"status":0,"message":"Baþarýlý"}
 2022-01-05 06:14:55,811 DEBUG SksRezervasyon.WebAPI.Logger.Debug [27] - MESSAGE: KutuphaneRezervasyonMusaitListele Started{"Tarih":"2022-01-05T03:12:18.081Z","OdaNo":2}
 2022-01-05 06:14:55,817 DEBUG SksRezervasyon.WebAPI.Logger.Debug [27] - MESSAGE: KutuphaneRezervasyonMusaitListele{"data":{"BaslangicSaati":["9:00-10:00","10:00-11:00","12:00-13:00","13:00-14:00","14:00-15:00","15:00-16:00","16:00-17:00","17:00-18:00","18:00-19:00","19:00-20:00"]},"success":true,"status":0,"message":"Baþarýlý"}
 2022-01-05 06:14:59,545 DEBUG SksRezervasyon.WebAPI.Logger.Debug [27] - MESSAGE: KutuphaneRezervasyonYap Started{"OgrenciId":null,"BaslangicSaati":"15:00-16:00","Tarih":"2022-01-05T03:12:18.081Z","OdaNo":2}
 2022-01-05 06:14:59,552 DEBUG SksRezervasyon.WebAPI.Logger.Debug [27] - MESSAGE: KutuphaneRezervasyonMusaitListele{"data":{"BaslangicSaati":["9:00-10:00","10:00-11:00","12:00-13:00","13:00-14:00","14:00-15:00","15:00-16:00","16:00-17:00","17:00-18:00","18:00-19:00","19:00-20:00"]},"success":true,"status":0,"message":"Baþarýlý"}
 2022-01-05 06:14:59,564 DEBUG SksRezervasyon.WebAPI.Logger.Debug [27] - MESSAGE: KutuphaneRezervasyonYap{"data":{},"success":true,"status":0,"message":"Baþarýlý"}
 2022-01-05 06:15:04,171 DEBUG SksRezervasyon.WebAPI.Logger.Debug [27] - MESSAGE: KutuphaneRezervasyonYap Started{"OgrenciId":null,"BaslangicSaati":"14:00-15:00","Tarih":"2022-01-05T03:12:18.081Z","OdaNo":2}
 2022-01-05 06:15:04,181 DEBUG SksRezervasyon.WebAPI.Logger.Debug [27] - MESSAGE: KutuphaneRezervasyonMusaitListele Started{"Tarih":"2022-01-05T03:12:18.081Z","OdaNo":2}
 2022-01-05 06:15:04,186 DEBUG SksRezervasyon.WebAPI.Logger.Debug [27] - MESSAGE: KutuphaneRezervasyonMusaitListele{"data":{"BaslangicSaati":["9:00-10:00","10:00-11:00","12:00-13:00","13:00-14:00","16:00-17:00","17:00-18:00","18:00-19:00","19:00-20:00"]},"success":true,"status":0,"message":"Baþarýlý"}
 2022-01-05 06:15:08,267 DEBUG SksRezervasyon.WebAPI.Logger.Debug [27] - MESSAGE: KutuphaneRezervasyonMusaitListele Started{"Tarih":"2022-01-05T03:12:18.081Z","OdaNo":2}
 2022-01-05 06:15:08,273 DEBUG SksRezervasyon.WebAPI.Logger.Debug [27] - MESSAGE: KutuphaneRezervasyonMusaitListele{"data":{"BaslangicSaati":["9:00-10:00","10:00-11:00","12:00-13:00","16:00-17:00","17:00-18:00","18:00-19:00","19:00-20:00"]},"success":true,"status":0,"message":"Baþarýlý"}
 2022-01-05 06:15:29,777 DEBUG SksRezervasyon.WebAPI.Logger.Debug [27] - MESSAGE: KutuphaneRezervasyonMusaitListele Started{"Tarih":"2022-01-05T03:12:18.081Z","OdaNo":2}
 2022-01-05 06:15:29,789 DEBUG SksRezervasyon.WebAPI.Logger.Debug [27] - MESSAGE: KutuphaneRezervasyonMusaitListele{"data":{"BaslangicSaati":["9:00-10:00","10:00-11:00","12:00-13:00","16:00-17:00","17:00-18:00","18:00-19:00","19:00-20:00"]},"success":true,"status":0,"message":"Baþarýlý"}
 2022-01-05 06:15:35,160 DEBUG SksRezervasyon.WebAPI.Logger.Debug [27] - MESSAGE: KutuphaneRezervasyonMusaitListele Started{"Tarih":"2022-01-05T03:12:18.081Z","OdaNo":2}
 2022-01-05 06:15:35,173 DEBUG SksRezervasyon.WebAPI.Logger.Debug [27] - MESSAGE: KutuphaneRezervasyonMusaitListele{"data":{"BaslangicSaati":["9:00-10:00","10:00-11:00","12:00-13:00","16:00-17:00","17:00-18:00","18:00-19:00","19:00-20:00"]},"success":true,"status":0,"message":"Baþarýlý"}
 2022-01-05 06:15:57,287 DEBUG SksRezervasyon.WebAPI.Logger.Debug [27] - MESSAGE: KutuphaneRezervasyonMusaitListele Started{"Tarih":"2022-01-05T03:12:18.081Z","OdaNo":2}
 2022-01-05 06:15:57,295 DEBUG SksRezervasyon.WebAPI.Logger.Debug [27] - MESSAGE: KutuphaneRezervasyonMusaitListele{"data":{"BaslangicSaati":["9:00-10:00","10:00-11:00","12:00-13:00","16:00-17:00","17:00-18:00","18:00-19:00","19:00-20:00"]},"success":true,"status":0,"message":"Baþarýlý"}
 2022-01-05 06:15:58,878 DEBUG SksRezervasyon.WebAPI.Logger.Debug [27] - MESSAGE: KutuphaneRezervasyonMusaitListele Started{"Tarih":"2022-01-05T03:12:18.081Z","OdaNo":2}
 2022-01-05 06:15:58,893 DEBUG SksRezervasyon.WebAPI.Logger.Debug [27] - MESSAGE: KutuphaneRezervasyonMusaitListele{"data":{"BaslangicSaati":["9:00-10:00","10:00-11:00","12:00-13:00","17:00-18:00","18:00-19:00","19:00-20:00"]},"success":true,"status":0,"message":"Baþarýlý"}
 2022-01-05 06:16:00,997 DEBUG SksRezervasyon.WebAPI.Logger.Debug [27] - MESSAGE: KutuphaneRezervasyonYap Started{"OgrenciId":null,"BaslangicSaati":"12:00-13:00","Tarih":"2022-01-05T03:12:18.081Z","OdaNo":2}
 2022-01-05 06:16:01,003 DEBUG SksRezervasyon.WebAPI.Logger.Debug [27] - MESSAGE: KutuphaneRezervasyonMusaitListele Started{"Tarih":"2022-01-05T03:12:18.081Z","OdaNo":2}
 2022-01-05 06:16:01,007 DEBUG SksRezervasyon.WebAPI.Logger.Debug [27] - MESSAGE: KutuphaneRezervasyonYap{"data":{},"success":true,"status":0,"message":"Baþarýlý"}
 2022-01-05 06:16:01,013 DEBUG SksRezervasyon.WebAPI.Logger.Debug [27] - MESSAGE: KutuphaneRezervasyonMusaitListele{"data":{"BaslangicSaati":["9:00-10:00","10:00-11:00","17:00-18:00","18:00-19:00","19:00-20:00"]},"success":true,"status":0,"message":"Baþarýlý"}
 2022-01-05 06:16:26,234 DEBUG SksRezervasyon.WebAPI.Logger.Debug [27] - MESSAGE: KutuphaneRezervasyonMusaitListele Started{"Tarih":"2022-01-05T03:16:26.206Z","OdaNo":1}
 2022-01-05 06:16:26,242 DEBUG SksRezervasyon.WebAPI.Logger.Debug [27] - MESSAGE: KutuphaneRezervasyonMusaitListele{"data":{"BaslangicSaati":["18:00-19:00"]},"success":true,"status":0,"message":"Baþarýlý"}
 2022-01-05 06:16:31,071 DEBUG SksRezervasyon.WebAPI.Logger.Debug [27] - MESSAGE: YemekhaneRezervasyonMusaitListele Started{}
 2022-01-05 06:16:31,078 DEBUG SksRezervasyon.WebAPI.Logger.Debug [27] - MESSAGE: YemekhaneRezervasyonMusaitListele{"data":[{"YemekhaneId":1,"Tarih":"2022-01-17T00:00:00","Fiyat":"3,5","Ogun":"Oglen"},{"YemekhaneId":2,"Tarih":"2022-01-18T00:00:00","Fiyat":"3,5","Ogun":"Oglen"},{"YemekhaneId":3,"Tarih":"2022-01-19T00:00:00","Fiyat":"3,5","Ogun":"Oglen"},{"YemekhaneId":4,"Tarih":"2022-01-19T00:00:00","Fiyat":"1,5","Ogun":"Aksam"},{"YemekhaneId":5,"Tarih":"2022-01-20T00:00:00","Fiyat":"3,5","Ogun":"Oglen"},{"YemekhaneId":6,"Tarih":"2022-01-21T00:00:00","Fiyat":"3,5","Ogun":"Oglen"},{"YemekhaneId":7,"Tarih":"2022-01-21T00:00:00","Fiyat":"2","Ogun":"Kahvaltý"}],"success":true,"status":0,"message":"Baþarýlý"}
 2022-01-05 06:16:31,601 DEBUG SksRezervasyon.WebAPI.Logger.Debug [27] - MESSAGE: KutuphaneRezervasyonMusaitListele Started{"Tarih":"2022-01-05T03:16:31.567Z","OdaNo":1}
 2022-01-05 06:16:31,607 DEBUG SksRezervasyon.WebAPI.Logger.Debug [27] - MESSAGE: KutuphaneRezervasyonMusaitListele{"data":{"BaslangicSaati":["18:00-19:00"]},"success":true,"status":0,"message":"Baþarýlý"}
 2022-01-05 06:16:33,244 DEBUG SksRezervasyon.WebAPI.Logger.Debug [27] - MESSAGE: KutuphaneRezervasyonListele Started{"OgrenciId":null}
 2022-01-05 06:16:33,250 DEBUG SksRezervasyon.WebAPI.Logger.Debug [27] - MESSAGE: KutuphaneRezervasyonListele{"data":[{"KutuphaneId":3,"Tarih":"2022-01-05T00:00:00","BaslangicSaati":"13:00-14:00","OdaNo":1},{"KutuphaneId":4,"Tarih":"2022-01-05T00:00:00","BaslangicSaati":"13:00-14:00","OdaNo":1},{"KutuphaneId":5,"Tarih":"2022-01-05T00:00:00","BaslangicSaati":"16:00-17:00","OdaNo":1},{"KutuphaneId":6,"Tarih":"2022-01-05T00:00:00","BaslangicSaati":"16:00-17:00","OdaNo":1},{"KutuphaneId":7,"Tarih":"2022-01-05T00:00:00","BaslangicSaati":"17:00-18:00","OdaNo":1},{"KutuphaneId":8,"Tarih":"2022-01-05T00:00:00","BaslangicSaati":"17:00-18:00","OdaNo":1},{"KutuphaneId":9,"Tarih":"2022-01-05T00:00:00","BaslangicSaati":"9:00-10:00","OdaNo":1},{"KutuphaneId":10,"Tarih":"2022-01-05T00:00:00","BaslangicSaati":"11:00-12:00","OdaNo":1},{"KutuphaneId":11,"Tarih":"2022-01-05T00:00:00","BaslangicSaati":"12:00-13:00","OdaNo":1},{"KutuphaneId":12,"Tarih":"2022-01-05T00:00:00","BaslangicSaati":"15:00-16:00","OdaNo":1},{"KutuphaneId":13,"Tarih":"2022-01-05T00:00:00","BaslangicSaati":"19:00-20:00","OdaNo":1},{"KutuphaneId":14,"Tarih":"2022-01-05T00:00:00","BaslangicSaati":"19:00-20:00","OdaNo":1},{"KutuphaneId":15,"Tarih":"2022-01-05T00:00:00","BaslangicSaati":"10:00-11:00","OdaNo":1},{"KutuphaneId":16,"Tarih":"2022-01-05T00:00:00","BaslangicSaati":"14:00-15:00","OdaNo":1},{"KutuphaneId":17,"Tarih":"2022-01-05T00:00:00","BaslangicSaati":"13:00-14:00","OdaNo":3},{"KutuphaneId":18,"Tarih":"2022-01-05T00:00:00","BaslangicSaati":"11:00-12:00","OdaNo":2},{"KutuphaneId":19,"Tarih":"2022-01-05T00:00:00","BaslangicSaati":"15:00-16:00","OdaNo":2},{"KutuphaneId":20,"Tarih":"2022-01-05T00:00:00","BaslangicSaati":"14:00-15:00","OdaNo":2},{"KutuphaneId":21,"Tarih":"2022-01-05T00:00:00","BaslangicSaati":"13:00-14:00","OdaNo":2},{"KutuphaneId":22,"Tarih":"2022-01-05T00:00:00","BaslangicSaati":"16:00-17:00","OdaNo":2},{"KutuphaneId":23,"Tarih":"2022-01-05T00:00:00","BaslangicSaati":"12:00-13:00","OdaNo":2}],"success":true,"status":0,"message":"Baþarýlý"}
 2022-01-05 06:16:33,964 DEBUG SksRezervasyon.WebAPI.Logger.Debug [27] - MESSAGE: YemekhaneRezervasyonListele Started{"OgrenciId":null}
 2022-01-05 06:16:33,981 DEBUG SksRezervasyon.WebAPI.Logger.Debug [27] - MESSAGE: YemekhaneRezervasyonListele{"data":[{"YemekhaneId":17,"Tarih":"2022-01-17T00:00:00","Fiyat":"3,5","Ogun":"Oglen"},{"YemekhaneId":18,"Tarih":"2022-01-17T00:00:00","Fiyat":"3,5","Ogun":"Oglen"},{"YemekhaneId":19,"Tarih":"2022-01-17T00:00:00","Fiyat":"3,5","Ogun":"Oglen"},{"YemekhaneId":20,"Tarih":"2022-01-17T00:00:00","Fiyat":"3,5","Ogun":"Oglen"},{"YemekhaneId":21,"Tarih":"2022-01-18T00:00:00","Fiyat":"3,5","Ogun":"Oglen"},{"YemekhaneId":22,"Tarih":"2022-01-19T00:00:00","Fiyat":"3,5","Ogun":"Oglen"},{"YemekhaneId":23,"Tarih":"2022-01-19T00:00:00","Fiyat":"1,5","Ogun":"Aksam"},{"YemekhaneId":24,"Tarih":"2022-01-20T00:00:00","Fiyat":"3,5","Ogun":"Oglen"},{"YemekhaneId":25,"Tarih":"2022-01-19T00:00:00","Fiyat":"1,5","Ogun":"Aksam"}],"success":true,"status":0,"message":"Baþarýlý"}
 2022-01-05 06:16:34,624 DEBUG SksRezervasyon.WebAPI.Logger.Debug [27] - MESSAGE: KutuphaneRezervasyonListele Started{"OgrenciId":null}
 2022-01-05 06:16:34,631 DEBUG SksRezervasyon.WebAPI.Logger.Debug [27] - MESSAGE: KutuphaneRezervasyonListele{"data":[{"KutuphaneId":3,"Tarih":"2022-01-05T00:00:00","BaslangicSaati":"13:00-14:00","OdaNo":1},{"KutuphaneId":4,"Tarih":"2022-01-05T00:00:00","BaslangicSaati":"13:00-14:00","OdaNo":1},{"KutuphaneId":5,"Tarih":"2022-01-05T00:00:00","BaslangicSaati":"16:00-17:00","OdaNo":1},{"KutuphaneId":6,"Tarih":"2022-01-05T00:00:00","BaslangicSaati":"16:00-17:00","OdaNo":1},{"KutuphaneId":7,"Tarih":"2022-01-05T00:00:00","BaslangicSaati":"17:00-18:00","OdaNo":1},{"KutuphaneId":8,"Tarih":"2022-01-05T00:00:00","BaslangicSaati":"17:00-18:00","OdaNo":1},{"KutuphaneId":9,"Tarih":"2022-01-05T00:00:00","BaslangicSaati":"9:00-10:00","OdaNo":1},{"KutuphaneId":10,"Tarih":"2022-01-05T00:00:00","BaslangicSaati":"11:00-12:00","OdaNo":1},{"KutuphaneId":11,"Tarih":"2022-01-05T00:00:00","BaslangicSaati":"12:00-13:00","OdaNo":1},{"KutuphaneId":12,"Tarih":"2022-01-05T00:00:00","BaslangicSaati":"15:00-16:00","OdaNo":1},{"KutuphaneId":13,"Tarih":"2022-01-05T00:00:00","BaslangicSaati":"19:00-20:00","OdaNo":1},{"KutuphaneId":14,"Tarih":"2022-01-05T00:00:00","BaslangicSaati":"19:00-20:00","OdaNo":1},{"KutuphaneId":15,"Tarih":"2022-01-05T00:00:00","BaslangicSaati":"10:00-11:00","OdaNo":1},{"KutuphaneId":16,"Tarih":"2022-01-05T00:00:00","BaslangicSaati":"14:00-15:00","OdaNo":1},{"KutuphaneId":17,"Tarih":"2022-01-05T00:00:00","BaslangicSaati":"13:00-14:00","OdaNo":3},{"KutuphaneId":18,"Tarih":"2022-01-05T00:00:00","BaslangicSaati":"11:00-12:00","OdaNo":2},{"KutuphaneId":19,"Tarih":"2022-01-05T00:00:00","BaslangicSaati":"15:00-16:00","OdaNo":2},{"KutuphaneId":20,"Tarih":"2022-01-05T00:00:00","BaslangicSaati":"14:00-15:00","OdaNo":2},{"KutuphaneId":21,"Tarih":"2022-01-05T00:00:00","BaslangicSaati":"13:00-14:00","OdaNo":2},{"KutuphaneId":22,"Tarih":"2022-01-05T00:00:00","BaslangicSaati":"16:00-17:00","OdaNo":2},{"KutuphaneId":23,"Tarih":"2022-01-05T00:00:00","BaslangicSaati":"12:00-13:00","OdaNo":2}],"success":true,"status":0,"message":"Baþarýlý"}
 2022-01-05 06:16:35,531 DEBUG SksRezervasyon.WebAPI.Logger.Debug [27] - MESSAGE: KutuphaneRezervasyonListele{"data":[{"KutuphaneId":3,"Tarih":"2022-01-05T00:00:00","BaslangicSaati":"13:00-14:00","OdaNo":1},{"KutuphaneId":4,"Tarih":"2022-01-05T00:00:00","BaslangicSaati":"13:00-14:00","OdaNo":1},{"KutuphaneId":5,"Tarih":"2022-01-05T00:00:00","BaslangicSaati":"16:00-17:00","OdaNo":1},{"KutuphaneId":6,"Tarih":"2022-01-05T00:00:00","BaslangicSaati":"16:00-17:00","OdaNo":1},{"KutuphaneId":7,"Tarih":"2022-01-05T00:00:00","BaslangicSaati":"17:00-18:00","OdaNo":1},{"KutuphaneId":8,"Tarih":"2022-01-05T00:00:00","BaslangicSaati":"17:00-18:00","OdaNo":1},{"KutuphaneId":9,"Tarih":"2022-01-05T00:00:00","BaslangicSaati":"9:00-10:00","OdaNo":1},{"KutuphaneId":10,"Tarih":"2022-01-05T00:00:00","BaslangicSaati":"11:00-12:00","OdaNo":1},{"KutuphaneId":11,"Tarih":"2022-01-05T00:00:00","BaslangicSaati":"12:00-13:00","OdaNo":1},{"KutuphaneId":12,"Tarih":"2022-01-05T00:00:00","BaslangicSaati":"15:00-16:00","OdaNo":1},{"KutuphaneId":13,"Tarih":"2022-01-05T00:00:00","BaslangicSaati":"19:00-20:00","OdaNo":1},{"KutuphaneId":14,"Tarih":"2022-01-05T00:00:00","BaslangicSaati":"19:00-20:00","OdaNo":1},{"KutuphaneId":15,"Tarih":"2022-01-05T00:00:00","BaslangicSaati":"10:00-11:00","OdaNo":1},{"KutuphaneId":16,"Tarih":"2022-01-05T00:00:00","BaslangicSaati":"14:00-15:00","OdaNo":1},{"KutuphaneId":17,"Tarih":"2022-01-05T00:00:00","BaslangicSaati":"13:00-14:00","OdaNo":3},{"KutuphaneId":18,"Tarih":"2022-01-05T00:00:00","BaslangicSaati":"11:00-12:00","OdaNo":2},{"KutuphaneId":19,"Tarih":"2022-01-05T00:00:00","BaslangicSaati":"15:00-16:00","OdaNo":2},{"KutuphaneId":20,"Tarih":"2022-01-05T00:00:00","BaslangicSaati":"14:00-15:00","OdaNo":2},{"KutuphaneId":21,"Tarih":"2022-01-05T00:00:00","BaslangicSaati":"13:00-14:00","OdaNo":2},{"KutuphaneId":22,"Tarih":"2022-01-05T00:00:00","BaslangicSaati":"16:00-17:00","OdaNo":2},{"KutuphaneId":23,"Tarih":"2022-01-05T00:00:00","BaslangicSaati":"12:00-13:00","OdaNo":2}],"success":true,"status":0,"message":"Baþarýlý"}
 2022-01-05 06:16:35,555 DEBUG SksRezervasyon.WebAPI.Logger.Debug [27] - MESSAGE: KutuphaneRezervasyonIptal{"data":{},"success":true,"status":0,"message":"Baþarýlý"}
 2022-01-05 06:16:36,278 DEBUG SksRezervasyon.WebAPI.Logger.Debug [27] - MESSAGE: KutuphaneRezervasyonIptal Started{"KutuphaneId":3}
 2022-01-05 06:16:36,289 DEBUG SksRezervasyon.WebAPI.Logger.Debug [27] - MESSAGE: KutuphaneRezervasyonListele{"data":[{"KutuphaneId":4,"Tarih":"2022-01-05T00:00:00","BaslangicSaati":"13:00-14:00","OdaNo":1},{"KutuphaneId":5,"Tarih":"2022-01-05T00:00:00","BaslangicSaati":"16:00-17:00","OdaNo":1},{"KutuphaneId":6,"Tarih":"2022-01-05T00:00:00","BaslangicSaati":"16:00-17:00","OdaNo":1},{"KutuphaneId":7,"Tarih":"2022-01-05T00:00:00","BaslangicSaati":"17:00-18:00","OdaNo":1},{"KutuphaneId":8,"Tarih":"2022-01-05T00:00:00","BaslangicSaati":"17:00-18:00","OdaNo":1},{"KutuphaneId":9,"Tarih":"2022-01-05T00:00:00","BaslangicSaati":"9:00-10:00","OdaNo":1},{"KutuphaneId":10,"Tarih":"2022-01-05T00:00:00","BaslangicSaati":"11:00-12:00","OdaNo":1},{"KutuphaneId":11,"Tarih":"2022-01-05T00:00:00","BaslangicSaati":"12:00-13:00","OdaNo":1},{"KutuphaneId":12,"Tarih":"2022-01-05T00:00:00","BaslangicSaati":"15:00-16:00","OdaNo":1},{"KutuphaneId":13,"Tarih":"2022-01-05T00:00:00","BaslangicSaati":"19:00-20:00","OdaNo":1},{"KutuphaneId":14,"Tarih":"2022-01-05T00:00:00","BaslangicSaati":"19:00-20:00","OdaNo":1},{"KutuphaneId":15,"Tarih":"2022-01-05T00:00:00","BaslangicSaati":"10:00-11:00","OdaNo":1},{"KutuphaneId":16,"Tarih":"2022-01-05T00:00:00","BaslangicSaati":"14:00-15:00","OdaNo":1},{"KutuphaneId":17,"Tarih":"2022-01-05T00:00:00","BaslangicSaati":"13:00-14:00","OdaNo":3},{"KutuphaneId":18,"Tarih":"2022-01-05T00:00:00","BaslangicSaati":"11:00-12:00","OdaNo":2},{"KutuphaneId":19,"Tarih":"2022-01-05T00:00:00","BaslangicSaati":"15:00-16:00","OdaNo":2},{"KutuphaneId":20,"Tarih":"2022-01-05T00:00:00","BaslangicSaati":"14:00-15:00","OdaNo":2},{"KutuphaneId":21,"Tarih":"2022-01-05T00:00:00","BaslangicSaati":"13:00-14:00","OdaNo":2},{"KutuphaneId":22,"Tarih":"2022-01-05T00:00:00","BaslangicSaati":"16:00-17:00","OdaNo":2},{"KutuphaneId":23,"Tarih":"2022-01-05T00:00:00","BaslangicSaati":"12:00-13:00","OdaNo":2}],"success":true,"status":0,"message":"Baþarýlý"}
 2022-01-05 06:16:37,009 DEBUG SksRezervasyon.WebAPI.Logger.Debug [27] - MESSAGE: KutuphaneRezervasyonIptal Started{"KutuphaneId":4}
 2022-01-05 06:16:37,021 DEBUG SksRezervasyon.WebAPI.Logger.Debug [27] - MESSAGE: KutuphaneRezervasyonListele{"data":[{"KutuphaneId":5,"Tarih":"2022-01-05T00:00:00","BaslangicSaati":"16:00-17:00","OdaNo":1},{"KutuphaneId":6,"Tarih":"2022-01-05T00:00:00","BaslangicSaati":"16:00-17:00","OdaNo":1},{"KutuphaneId":7,"Tarih":"2022-01-05T00:00:00","BaslangicSaati":"17:00-18:00","OdaNo":1},{"KutuphaneId":8,"Tarih":"2022-01-05T00:00:00","BaslangicSaati":"17:00-18:00","OdaNo":1},{"KutuphaneId":9,"Tarih":"2022-01-05T00:00:00","BaslangicSaati":"9:00-10:00","OdaNo":1},{"KutuphaneId":10,"Tarih":"2022-01-05T00:00:00","BaslangicSaati":"11:00-12:00","OdaNo":1},{"KutuphaneId":11,"Tarih":"2022-01-05T00:00:00","BaslangicSaati":"12:00-13:00","OdaNo":1},{"KutuphaneId":12,"Tarih":"2022-01-05T00:00:00","BaslangicSaati":"15:00-16:00","OdaNo":1},{"KutuphaneId":13,"Tarih":"2022-01-05T00:00:00","BaslangicSaati":"19:00-20:00","OdaNo":1},{"KutuphaneId":14,"Tarih":"2022-01-05T00:00:00","BaslangicSaati":"19:00-20:00","OdaNo":1},{"KutuphaneId":15,"Tarih":"2022-01-05T00:00:00","BaslangicSaati":"10:00-11:00","OdaNo":1},{"KutuphaneId":16,"Tarih":"2022-01-05T00:00:00","BaslangicSaati":"14:00-15:00","OdaNo":1},{"KutuphaneId":17,"Tarih":"2022-01-05T00:00:00","BaslangicSaati":"13:00-14:00","OdaNo":3},{"KutuphaneId":18,"Tarih":"2022-01-05T00:00:00","BaslangicSaati":"11:00-12:00","OdaNo":2},{"KutuphaneId":19,"Tarih":"2022-01-05T00:00:00","BaslangicSaati":"15:00-16:00","OdaNo":2},{"KutuphaneId":20,"Tarih":"2022-01-05T00:00:00","BaslangicSaati":"14:00-15:00","OdaNo":2},{"KutuphaneId":21,"Tarih":"2022-01-05T00:00:00","BaslangicSaati":"13:00-14:00","OdaNo":2},{"KutuphaneId":22,"Tarih":"2022-01-05T00:00:00","BaslangicSaati":"16:00-17:00","OdaNo":2},{"KutuphaneId":23,"Tarih":"2022-01-05T00:00:00","BaslangicSaati":"12:00-13:00","OdaNo":2}],"success":true,"status":0,"message":"Baþarýlý"}
 2022-01-05 06:16:37,240 DEBUG SksRezervasyon.WebAPI.Logger.Debug [27] - MESSAGE: KutuphaneRezervasyonIptal Started{"KutuphaneId":5}
 2022-01-05 06:16:37,246 DEBUG SksRezervasyon.WebAPI.Logger.Debug [27] - MESSAGE: KutuphaneRezervasyonListele Started{"OgrenciId":null}
 2022-01-05 06:16:37,253 DEBUG SksRezervasyon.WebAPI.Logger.Debug [27] - MESSAGE: KutuphaneRezervasyonListele{"data":[{"KutuphaneId":6,"Tarih":"2022-01-05T00:00:00","BaslangicSaati":"16:00-17:00","OdaNo":1},{"KutuphaneId":7,"Tarih":"2022-01-05T00:00:00","BaslangicSaati":"17:00-18:00","OdaNo":1},{"KutuphaneId":8,"Tarih":"2022-01-05T00:00:00","BaslangicSaati":"17:00-18:00","OdaNo":1},{"KutuphaneId":9,"Tarih":"2022-01-05T00:00:00","BaslangicSaati":"9:00-10:00","OdaNo":1},{"KutuphaneId":10,"Tarih":"2022-01-05T00:00:00","BaslangicSaati":"11:00-12:00","OdaNo":1},{"KutuphaneId":11,"Tarih":"2022-01-05T00:00:00","BaslangicSaati":"12:00-13:00","OdaNo":1},{"KutuphaneId":12,"Tarih":"2022-01-05T00:00:00","BaslangicSaati":"15:00-16:00","OdaNo":1},{"KutuphaneId":13,"Tarih":"2022-01-05T00:00:00","BaslangicSaati":"19:00-20:00","OdaNo":1},{"KutuphaneId":14,"Tarih":"2022-01-05T00:00:00","BaslangicSaati":"19:00-20:00","OdaNo":1},{"KutuphaneId":15,"Tarih":"2022-01-05T00:00:00","BaslangicSaati":"10:00-11:00","OdaNo":1},{"KutuphaneId":16,"Tarih":"2022-01-05T00:00:00","BaslangicSaati":"14:00-15:00","OdaNo":1},{"KutuphaneId":17,"Tarih":"2022-01-05T00:00:00","BaslangicSaati":"13:00-14:00","OdaNo":3},{"KutuphaneId":18,"Tarih":"2022-01-05T00:00:00","BaslangicSaati":"11:00-12:00","OdaNo":2},{"KutuphaneId":19,"Tarih":"2022-01-05T00:00:00","BaslangicSaati":"15:00-16:00","OdaNo":2},{"KutuphaneId":20,"Tarih":"2022-01-05T00:00:00","BaslangicSaati":"14:00-15:00","OdaNo":2},{"KutuphaneId":21,"Tarih":"2022-01-05T00:00:00","BaslangicSaati":"13:00-14:00","OdaNo":2},{"KutuphaneId":22,"Tarih":"2022-01-05T00:00:00","BaslangicSaati":"16:00-17:00","OdaNo":2},{"KutuphaneId":23,"Tarih":"2022-01-05T00:00:00","BaslangicSaati":"12:00-13:00","OdaNo":2}],"success":true,"status":0,"message":"Baþarýlý"}
 2022-01-05 06:16:37,413 DEBUG SksRezervasyon.WebAPI.Logger.Debug [27] - MESSAGE: KutuphaneRezervasyonIptal Started{"KutuphaneId":6}
 2022-01-05 06:16:37,421 DEBUG SksRezervasyon.WebAPI.Logger.Debug [27] - MESSAGE: KutuphaneRezervasyonIptal{"data":{},"success":true,"status":0,"message":"Baþarýlý"}
 2022-01-05 06:16:37,425 DEBUG SksRezervasyon.WebAPI.Logger.Debug [27] - MESSAGE: KutuphaneRezervasyonListele Started{"OgrenciId":null}
 2022-01-05 06:16:37,431 DEBUG SksRezervasyon.WebAPI.Logger.Debug [27] - MESSAGE: KutuphaneRezervasyonListele{"data":[{"KutuphaneId":7,"Tarih":"2022-01-05T00:00:00","BaslangicSaati":"17:00-18:00","OdaNo":1},{"KutuphaneId":8,"Tarih":"2022-01-05T00:00:00","BaslangicSaati":"17:00-18:00","OdaNo":1},{"KutuphaneId":9,"Tarih":"2022-01-05T00:00:00","BaslangicSaati":"9:00-10:00","OdaNo":1},{"KutuphaneId":10,"Tarih":"2022-01-05T00:00:00","BaslangicSaati":"11:00-12:00","OdaNo":1},{"KutuphaneId":11,"Tarih":"2022-01-05T00:00:00","BaslangicSaati":"12:00-13:00","OdaNo":1},{"KutuphaneId":12,"Tarih":"2022-01-05T00:00:00","BaslangicSaati":"15:00-16:00","OdaNo":1},{"KutuphaneId":13,"Tarih":"2022-01-05T00:00:00","BaslangicSaati":"19:00-20:00","OdaNo":1},{"KutuphaneId":14,"Tarih":"2022-01-05T00:00:00","BaslangicSaati":"19:00-20:00","OdaNo":1},{"KutuphaneId":15,"Tarih":"2022-01-05T00:00:00","BaslangicSaati":"10:00-11:00","OdaNo":1},{"KutuphaneId":16,"Tarih":"2022-01-05T00:00:00","BaslangicSaati":"14:00-15:00","OdaNo":1},{"KutuphaneId":17,"Tarih":"2022-01-05T00:00:00","BaslangicSaati":"13:00-14:00","OdaNo":3},{"KutuphaneId":18,"Tarih":"2022-01-05T00:00:00","BaslangicSaati":"11:00-12:00","OdaNo":2},{"KutuphaneId":19,"Tarih":"2022-01-05T00:00:00","BaslangicSaati":"15:00-16:00","OdaNo":2},{"KutuphaneId":20,"Tarih":"2022-01-05T00:00:00","BaslangicSaati":"14:00-15:00","OdaNo":2},{"KutuphaneId":21,"Tarih":"2022-01-05T00:00:00","BaslangicSaati":"13:00-14:00","OdaNo":2},{"KutuphaneId":22,"Tarih":"2022-01-05T00:00:00","BaslangicSaati":"16:00-17:00","OdaNo":2},{"KutuphaneId":23,"Tarih":"2022-01-05T00:00:00","BaslangicSaati":"12:00-13:00","OdaNo":2}],"success":true,"status":0,"message":"Baþarýlý"}
 2022-01-05 06:16:37,582 DEBUG SksRezervasyon.WebAPI.Logger.Debug [27] - MESSAGE: KutuphaneRezervasyonIptal Started{"KutuphaneId":7}
 2022-01-05 06:16:37,594 DEBUG SksRezervasyon.WebAPI.Logger.Debug [27] - MESSAGE: KutuphaneRezervasyonListele{"data":[{"KutuphaneId":8,"Tarih":"2022-01-05T00:00:00","BaslangicSaati":"17:00-18:00","OdaNo":1},{"KutuphaneId":9,"Tarih":"2022-01-05T00:00:00","BaslangicSaati":"9:00-10:00","OdaNo":1},{"KutuphaneId":10,"Tarih":"2022-01-05T00:00:00","BaslangicSaati":"11:00-12:00","OdaNo":1},{"KutuphaneId":11,"Tarih":"2022-01-05T00:00:00","BaslangicSaati":"12:00-13:00","OdaNo":1},{"KutuphaneId":12,"Tarih":"2022-01-05T00:00:00","BaslangicSaati":"15:00-16:00","OdaNo":1},{"KutuphaneId":13,"Tarih":"2022-01-05T00:00:00","BaslangicSaati":"19:00-20:00","OdaNo":1},{"KutuphaneId":14,"Tarih":"2022-01-05T00:00:00","BaslangicSaati":"19:00-20:00","OdaNo":1},{"KutuphaneId":15,"Tarih":"2022-01-05T00:00:00","BaslangicSaati":"10:00-11:00","OdaNo":1},{"KutuphaneId":16,"Tarih":"2022-01-05T00:00:00","BaslangicSaati":"14:00-15:00","OdaNo":1},{"KutuphaneId":17,"Tarih":"2022-01-05T00:00:00","BaslangicSaati":"13:00-14:00","OdaNo":3},{"KutuphaneId":18,"Tarih":"2022-01-05T00:00:00","BaslangicSaati":"11:00-12:00","OdaNo":2},{"KutuphaneId":19,"Tarih":"2022-01-05T00:00:00","BaslangicSaati":"15:00-16:00","OdaNo":2},{"KutuphaneId":20,"Tarih":"2022-01-05T00:00:00","BaslangicSaati":"14:00-15:00","OdaNo":2},{"KutuphaneId":21,"Tarih":"2022-01-05T00:00:00","BaslangicSaati":"13:00-14:00","OdaNo":2},{"KutuphaneId":22,"Tarih":"2022-01-05T00:00:00","BaslangicSaati":"16:00-17:00","OdaNo":2},{"KutuphaneId":23,"Tarih":"2022-01-05T00:00:00","BaslangicSaati":"12:00-13:00","OdaNo":2}],"success":true,"status":0,"message":"Baþarýlý"}
 2022-01-05 06:16:37,742 DEBUG SksRezervasyon.WebAPI.Logger.Debug [27] - MESSAGE: KutuphaneRezervasyonIptal Started{"KutuphaneId":8}
 2022-01-05 06:16:37,754 DEBUG SksRezervasyon.WebAPI.Logger.Debug [27] - MESSAGE: KutuphaneRezervasyonListele Started{"OgrenciId":null}
 2022-01-05 06:16:37,760 DEBUG SksRezervasyon.WebAPI.Logger.Debug [27] - MESSAGE: KutuphaneRezervasyonListele{"data":[{"KutuphaneId":9,"Tarih":"2022-01-05T00:00:00","BaslangicSaati":"9:00-10:00","OdaNo":1},{"KutuphaneId":10,"Tarih":"2022-01-05T00:00:00","BaslangicSaati":"11:00-12:00","OdaNo":1},{"KutuphaneId":11,"Tarih":"2022-01-05T00:00:00","BaslangicSaati":"12:00-13:00","OdaNo":1},{"KutuphaneId":12,"Tarih":"2022-01-05T00:00:00","BaslangicSaati":"15:00-16:00","OdaNo":1},{"KutuphaneId":13,"Tarih":"2022-01-05T00:00:00","BaslangicSaati":"19:00-20:00","OdaNo":1},{"KutuphaneId":14,"Tarih":"2022-01-05T00:00:00","BaslangicSaati":"19:00-20:00","OdaNo":1},{"KutuphaneId":15,"Tarih":"2022-01-05T00:00:00","BaslangicSaati":"10:00-11:00","OdaNo":1},{"KutuphaneId":16,"Tarih":"2022-01-05T00:00:00","BaslangicSaati":"14:00-15:00","OdaNo":1},{"KutuphaneId":17,"Tarih":"2022-01-05T00:00:00","BaslangicSaati":"13:00-14:00","OdaNo":3},{"KutuphaneId":18,"Tarih":"2022-01-05T00:00:00","BaslangicSaati":"11:00-12:00","OdaNo":2},{"KutuphaneId":19,"Tarih":"2022-01-05T00:00:00","BaslangicSaati":"15:00-16:00","OdaNo":2},{"KutuphaneId":20,"Tarih":"2022-01-05T00:00:00","BaslangicSaati":"14:00-15:00","OdaNo":2},{"KutuphaneId":21,"Tarih":"2022-01-05T00:00:00","BaslangicSaati":"13:00-14:00","OdaNo":2},{"KutuphaneId":22,"Tarih":"2022-01-05T00:00:00","BaslangicSaati":"16:00-17:00","OdaNo":2},{"KutuphaneId":23,"Tarih":"2022-01-05T00:00:00","BaslangicSaati":"12:00-13:00","OdaNo":2}],"success":true,"status":0,"message":"Baþarýlý"}
 2022-01-05 06:16:37,912 DEBUG SksRezervasyon.WebAPI.Logger.Debug [27] - MESSAGE: KutuphaneRezervasyonIptal Started{"KutuphaneId":9}
 2022-01-05 06:16:37,921 DEBUG SksRezervasyon.WebAPI.Logger.Debug [27] - MESSAGE: KutuphaneRezervasyonListele Started{"OgrenciId":null}
 2022-01-05 06:16:37,928 DEBUG SksRezervasyon.WebAPI.Logger.Debug [27] - MESSAGE: KutuphaneRezervasyonListele{"data":[{"KutuphaneId":10,"Tarih":"2022-01-05T00:00:00","BaslangicSaati":"11:00-12:00","OdaNo":1},{"KutuphaneId":11,"Tarih":"2022-01-05T00:00:00","BaslangicSaati":"12:00-13:00","OdaNo":1},{"KutuphaneId":12,"Tarih":"2022-01-05T00:00:00","BaslangicSaati":"15:00-16:00","OdaNo":1},{"KutuphaneId":13,"Tarih":"2022-01-05T00:00:00","BaslangicSaati":"19:00-20:00","OdaNo":1},{"KutuphaneId":14,"Tarih":"2022-01-05T00:00:00","BaslangicSaati":"19:00-20:00","OdaNo":1},{"KutuphaneId":15,"Tarih":"2022-01-05T00:00:00","BaslangicSaati":"10:00-11:00","OdaNo":1},{"KutuphaneId":16,"Tarih":"2022-01-05T00:00:00","BaslangicSaati":"14:00-15:00","OdaNo":1},{"KutuphaneId":17,"Tarih":"2022-01-05T00:00:00","BaslangicSaati":"13:00-14:00","OdaNo":3},{"KutuphaneId":18,"Tarih":"2022-01-05T00:00:00","BaslangicSaati":"11:00-12:00","OdaNo":2},{"KutuphaneId":19,"Tarih":"2022-01-05T00:00:00","BaslangicSaati":"15:00-16:00","OdaNo":2},{"KutuphaneId":20,"Tarih":"2022-01-05T00:00:00","BaslangicSaati":"14:00-15:00","OdaNo":2},{"KutuphaneId":21,"Tarih":"2022-01-05T00:00:00","BaslangicSaati":"13:00-14:00","OdaNo":2},{"KutuphaneId":22,"Tarih":"2022-01-05T00:00:00","BaslangicSaati":"16:00-17:00","OdaNo":2},{"KutuphaneId":23,"Tarih":"2022-01-05T00:00:00","BaslangicSaati":"12:00-13:00","OdaNo":2}],"success":true,"status":0,"message":"Baþarýlý"}
 2022-01-05 06:16:38,085 DEBUG SksRezervasyon.WebAPI.Logger.Debug [27] - MESSAGE: KutuphaneRezervasyonIptal Started{"KutuphaneId":10}
 2022-01-05 06:16:38,091 DEBUG SksRezervasyon.WebAPI.Logger.Debug [27] - MESSAGE: KutuphaneRezervasyonListele Started{"OgrenciId":null}
 2022-01-05 06:16:38,097 DEBUG SksRezervasyon.WebAPI.Logger.Debug [27] - MESSAGE: KutuphaneRezervasyonListele{"data":[{"KutuphaneId":11,"Tarih":"2022-01-05T00:00:00","BaslangicSaati":"12:00-13:00","OdaNo":1},{"KutuphaneId":12,"Tarih":"2022-01-05T00:00:00","BaslangicSaati":"15:00-16:00","OdaNo":1},{"KutuphaneId":13,"Tarih":"2022-01-05T00:00:00","BaslangicSaati":"19:00-20:00","OdaNo":1},{"KutuphaneId":14,"Tarih":"2022-01-05T00:00:00","BaslangicSaati":"19:00-20:00","OdaNo":1},{"KutuphaneId":15,"Tarih":"2022-01-05T00:00:00","BaslangicSaati":"10:00-11:00","OdaNo":1},{"KutuphaneId":16,"Tarih":"2022-01-05T00:00:00","BaslangicSaati":"14:00-15:00","OdaNo":1},{"KutuphaneId":17,"Tarih":"2022-01-05T00:00:00","BaslangicSaati":"13:00-14:00","OdaNo":3},{"KutuphaneId":18,"Tarih":"2022-01-05T00:00:00","BaslangicSaati":"11:00-12:00","OdaNo":2},{"KutuphaneId":19,"Tarih":"2022-01-05T00:00:00","BaslangicSaati":"15:00-16:00","OdaNo":2},{"KutuphaneId":20,"Tarih":"2022-01-05T00:00:00","BaslangicSaati":"14:00-15:00","OdaNo":2},{"KutuphaneId":21,"Tarih":"2022-01-05T00:00:00","BaslangicSaati":"13:00-14:00","OdaNo":2},{"KutuphaneId":22,"Tarih":"2022-01-05T00:00:00","BaslangicSaati":"16:00-17:00","OdaNo":2},{"KutuphaneId":23,"Tarih":"2022-01-05T00:00:00","BaslangicSaati":"12:00-13:00","OdaNo":2}],"success":true,"status":0,"message":"Baþarýlý"}
 2022-01-05 06:16:38,248 DEBUG SksRezervasyon.WebAPI.Logger.Debug [27] - MESSAGE: KutuphaneRezervasyonIptal Started{"KutuphaneId":11}
 2022-01-05 06:16:38,258 DEBUG SksRezervasyon.WebAPI.Logger.Debug [27] - MESSAGE: KutuphaneRezervasyonIptal{"data":{},"success":true,"status":0,"message":"Baþarýlý"}
 2022-01-05 06:16:38,264 DEBUG SksRezervasyon.WebAPI.Logger.Debug [27] - MESSAGE: KutuphaneRezervasyonListele Started{"OgrenciId":null}
 2022-01-05 06:16:38,270 DEBUG SksRezervasyon.WebAPI.Logger.Debug [27] - MESSAGE: KutuphaneRezervasyonListele{"data":[{"KutuphaneId":12,"Tarih":"2022-01-05T00:00:00","BaslangicSaati":"15:00-16:00","OdaNo":1},{"KutuphaneId":13,"Tarih":"2022-01-05T00:00:00","BaslangicSaati":"19:00-20:00","OdaNo":1},{"KutuphaneId":14,"Tarih":"2022-01-05T00:00:00","BaslangicSaati":"19:00-20:00","OdaNo":1},{"KutuphaneId":15,"Tarih":"2022-01-05T00:00:00","BaslangicSaati":"10:00-11:00","OdaNo":1},{"KutuphaneId":16,"Tarih":"2022-01-05T00:00:00","BaslangicSaati":"14:00-15:00","OdaNo":1},{"KutuphaneId":17,"Tarih":"2022-01-05T00:00:00","BaslangicSaati":"13:00-14:00","OdaNo":3},{"KutuphaneId":18,"Tarih":"2022-01-05T00:00:00","BaslangicSaati":"11:00-12:00","OdaNo":2},{"KutuphaneId":19,"Tarih":"2022-01-05T00:00:00","BaslangicSaati":"15:00-16:00","OdaNo":2},{"KutuphaneId":20,"Tarih":"2022-01-05T00:00:00","BaslangicSaati":"14:00-15:00","OdaNo":2},{"KutuphaneId":21,"Tarih":"2022-01-05T00:00:00","BaslangicSaati":"13:00-14:00","OdaNo":2},{"KutuphaneId":22,"Tarih":"2022-01-05T00:00:00","BaslangicSaati":"16:00-17:00","OdaNo":2},{"KutuphaneId":23,"Tarih":"2022-01-05T00:00:00","BaslangicSaati":"12:00-13:00","OdaNo":2}],"success":true,"status":0,"message":"Baþarýlý"}
 2022-01-05 06:16:38,407 DEBUG SksRezervasyon.WebAPI.Logger.Debug [27] - MESSAGE: KutuphaneRezervasyonIptal Started{"KutuphaneId":12}
 2022-01-05 06:16:38,419 DEBUG SksRezervasyon.WebAPI.Logger.Debug [27] - MESSAGE: KutuphaneRezervasyonListele{"data":[{"KutuphaneId":13,"Tarih":"2022-01-05T00:00:00","BaslangicSaati":"19:00-20:00","OdaNo":1},{"KutuphaneId":14,"Tarih":"2022-01-05T00:00:00","BaslangicSaati":"19:00-20:00","OdaNo":1},{"KutuphaneId":15,"Tarih":"2022-01-05T00:00:00","BaslangicSaati":"10:00-11:00","OdaNo":1},{"KutuphaneId":16,"Tarih":"2022-01-05T00:00:00","BaslangicSaati":"14:00-15:00","OdaNo":1},{"KutuphaneId":17,"Tarih":"2022-01-05T00:00:00","BaslangicSaati":"13:00-14:00","OdaNo":3},{"KutuphaneId":18,"Tarih":"2022-01-05T00:00:00","BaslangicSaati":"11:00-12:00","OdaNo":2},{"KutuphaneId":19,"Tarih":"2022-01-05T00:00:00","BaslangicSaati":"15:00-16:00","OdaNo":2},{"KutuphaneId":20,"Tarih":"2022-01-05T00:00:00","BaslangicSaati":"14:00-15:00","OdaNo":2},{"KutuphaneId":21,"Tarih":"2022-01-05T00:00:00","BaslangicSaati":"13:00-14:00","OdaNo":2},{"KutuphaneId":22,"Tarih":"2022-01-05T00:00:00","BaslangicSaati":"16:00-17:00","OdaNo":2},{"KutuphaneId":23,"Tarih":"2022-01-05T00:00:00","BaslangicSaati":"12:00-13:00","OdaNo":2}],"success":true,"status":0,"message":"Baþarýlý"}
 2022-01-05 06:16:38,666 DEBUG SksRezervasyon.WebAPI.Logger.Debug [27] - MESSAGE: KutuphaneRezervasyonIptal Started{"KutuphaneId":13}
 2022-01-05 06:16:38,672 DEBUG SksRezervasyon.WebAPI.Logger.Debug [27] - MESSAGE: KutuphaneRezervasyonListele Started{"OgrenciId":null}
 2022-01-05 06:16:38,678 DEBUG SksRezervasyon.WebAPI.Logger.Debug [27] - MESSAGE: KutuphaneRezervasyonListele{"data":[{"KutuphaneId":14,"Tarih":"2022-01-05T00:00:00","BaslangicSaati":"19:00-20:00","OdaNo":1},{"KutuphaneId":15,"Tarih":"2022-01-05T00:00:00","BaslangicSaati":"10:00-11:00","OdaNo":1},{"KutuphaneId":16,"Tarih":"2022-01-05T00:00:00","BaslangicSaati":"14:00-15:00","OdaNo":1},{"KutuphaneId":17,"Tarih":"2022-01-05T00:00:00","BaslangicSaati":"13:00-14:00","OdaNo":3},{"KutuphaneId":18,"Tarih":"2022-01-05T00:00:00","BaslangicSaati":"11:00-12:00","OdaNo":2},{"KutuphaneId":19,"Tarih":"2022-01-05T00:00:00","BaslangicSaati":"15:00-16:00","OdaNo":2},{"KutuphaneId":20,"Tarih":"2022-01-05T00:00:00","BaslangicSaati":"14:00-15:00","OdaNo":2},{"KutuphaneId":21,"Tarih":"2022-01-05T00:00:00","BaslangicSaati":"13:00-14:00","OdaNo":2},{"KutuphaneId":22,"Tarih":"2022-01-05T00:00:00","BaslangicSaati":"16:00-17:00","OdaNo":2},{"KutuphaneId":23,"Tarih":"2022-01-05T00:00:00","BaslangicSaati":"12:00-13:00","OdaNo":2}],"success":true,"status":0,"message":"Baþarýlý"}
 2022-01-05 06:16:38,818 DEBUG SksRezervasyon.WebAPI.Logger.Debug [27] - MESSAGE: KutuphaneRezervasyonIptal Started{"KutuphaneId":14}
 2022-01-05 06:16:38,823 DEBUG SksRezervasyon.WebAPI.Logger.Debug [27] - MESSAGE: KutuphaneRezervasyonListele Started{"OgrenciId":null}
 2022-01-05 06:16:38,830 DEBUG SksRezervasyon.WebAPI.Logger.Debug [27] - MESSAGE: KutuphaneRezervasyonListele{"data":[{"KutuphaneId":15,"Tarih":"2022-01-05T00:00:00","BaslangicSaati":"10:00-11:00","OdaNo":1},{"KutuphaneId":16,"Tarih":"2022-01-05T00:00:00","BaslangicSaati":"14:00-15:00","OdaNo":1},{"KutuphaneId":17,"Tarih":"2022-01-05T00:00:00","BaslangicSaati":"13:00-14:00","OdaNo":3},{"KutuphaneId":18,"Tarih":"2022-01-05T00:00:00","BaslangicSaati":"11:00-12:00","OdaNo":2},{"KutuphaneId":19,"Tarih":"2022-01-05T00:00:00","BaslangicSaati":"15:00-16:00","OdaNo":2},{"KutuphaneId":20,"Tarih":"2022-01-05T00:00:00","BaslangicSaati":"14:00-15:00","OdaNo":2},{"KutuphaneId":21,"Tarih":"2022-01-05T00:00:00","BaslangicSaati":"13:00-14:00","OdaNo":2},{"KutuphaneId":22,"Tarih":"2022-01-05T00:00:00","BaslangicSaati":"16:00-17:00","OdaNo":2},{"KutuphaneId":23,"Tarih":"2022-01-05T00:00:00","BaslangicSaati":"12:00-13:00","OdaNo":2}],"success":true,"status":0,"message":"Baþarýlý"}
 2022-01-05 06:16:38,984 DEBUG SksRezervasyon.WebAPI.Logger.Debug [27] - MESSAGE: KutuphaneRezervasyonIptal Started{"KutuphaneId":15}
 2022-01-05 06:16:38,990 DEBUG SksRezervasyon.WebAPI.Logger.Debug [27] - MESSAGE: KutuphaneRezervasyonListele Started{"OgrenciId":null}
 2022-01-05 06:16:38,997 DEBUG SksRezervasyon.WebAPI.Logger.Debug [27] - MESSAGE: KutuphaneRezervasyonListele{"data":[{"KutuphaneId":16,"Tarih":"2022-01-05T00:00:00","BaslangicSaati":"14:00-15:00","OdaNo":1},{"KutuphaneId":17,"Tarih":"2022-01-05T00:00:00","BaslangicSaati":"13:00-14:00","OdaNo":3},{"KutuphaneId":18,"Tarih":"2022-01-05T00:00:00","BaslangicSaati":"11:00-12:00","OdaNo":2},{"KutuphaneId":19,"Tarih":"2022-01-05T00:00:00","BaslangicSaati":"15:00-16:00","OdaNo":2},{"KutuphaneId":20,"Tarih":"2022-01-05T00:00:00","BaslangicSaati":"14:00-15:00","OdaNo":2},{"KutuphaneId":21,"Tarih":"2022-01-05T00:00:00","BaslangicSaati":"13:00-14:00","OdaNo":2},{"KutuphaneId":22,"Tarih":"2022-01-05T00:00:00","BaslangicSaati":"16:00-17:00","OdaNo":2},{"KutuphaneId":23,"Tarih":"2022-01-05T00:00:00","BaslangicSaati":"12:00-13:00","OdaNo":2}],"success":true,"status":0,"message":"Baþarýlý"}
 2022-01-05 06:16:40,022 DEBUG SksRezervasyon.WebAPI.Logger.Debug [27] - MESSAGE: KutuphaneRezervasyonIptal Started{"KutuphaneId":16}
 2022-01-05 06:16:40,043 DEBUG SksRezervasyon.WebAPI.Logger.Debug [27] - MESSAGE: KutuphaneRezervasyonListele{"data":[{"KutuphaneId":17,"Tarih":"2022-01-05T00:00:00","BaslangicSaati":"13:00-14:00","OdaNo":3},{"KutuphaneId":18,"Tarih":"2022-01-05T00:00:00","BaslangicSaati":"11:00-12:00","OdaNo":2},{"KutuphaneId":19,"Tarih":"2022-01-05T00:00:00","BaslangicSaati":"15:00-16:00","OdaNo":2},{"KutuphaneId":20,"Tarih":"2022-01-05T00:00:00","BaslangicSaati":"14:00-15:00","OdaNo":2},{"KutuphaneId":21,"Tarih":"2022-01-05T00:00:00","BaslangicSaati":"13:00-14:00","OdaNo":2},{"KutuphaneId":22,"Tarih":"2022-01-05T00:00:00","BaslangicSaati":"16:00-17:00","OdaNo":2},{"KutuphaneId":23,"Tarih":"2022-01-05T00:00:00","BaslangicSaati":"12:00-13:00","OdaNo":2}],"success":true,"status":0,"message":"Baþarýlý"}
 2022-01-05 06:16:40,195 DEBUG SksRezervasyon.WebAPI.Logger.Debug [27] - MESSAGE: KutuphaneRezervasyonIptal Started{"KutuphaneId":17}
 2022-01-05 06:16:40,200 DEBUG SksRezervasyon.WebAPI.Logger.Debug [27] - MESSAGE: KutuphaneRezervasyonListele Started{"OgrenciId":null}
 2022-01-05 06:16:40,207 DEBUG SksRezervasyon.WebAPI.Logger.Debug [27] - MESSAGE: KutuphaneRezervasyonListele{"data":[{"KutuphaneId":18,"Tarih":"2022-01-05T00:00:00","BaslangicSaati":"11:00-12:00","OdaNo":2},{"KutuphaneId":19,"Tarih":"2022-01-05T00:00:00","BaslangicSaati":"15:00-16:00","OdaNo":2},{"KutuphaneId":20,"Tarih":"2022-01-05T00:00:00","BaslangicSaati":"14:00-15:00","OdaNo":2},{"KutuphaneId":21,"Tarih":"2022-01-05T00:00:00","BaslangicSaati":"13:00-14:00","OdaNo":2},{"KutuphaneId":22,"Tarih":"2022-01-05T00:00:00","BaslangicSaati":"16:00-17:00","OdaNo":2},{"KutuphaneId":23,"Tarih":"2022-01-05T00:00:00","BaslangicSaati":"12:00-13:00","OdaNo":2}],"success":true,"status":0,"message":"Baþarýlý"}
 2022-01-05 06:16:40,351 DEBUG SksRezervasyon.WebAPI.Logger.Debug [27] - MESSAGE: KutuphaneRezervasyonIptal Started{"KutuphaneId":18}
 2022-01-05 06:16:40,358 DEBUG SksRezervasyon.WebAPI.Logger.Debug [27] - MESSAGE: KutuphaneRezervasyonListele Started{"OgrenciId":null}
 2022-01-05 06:16:40,363 DEBUG SksRezervasyon.WebAPI.Logger.Debug [27] - MESSAGE: KutuphaneRezervasyonListele{"data":[{"KutuphaneId":19,"Tarih":"2022-01-05T00:00:00","BaslangicSaati":"15:00-16:00","OdaNo":2},{"KutuphaneId":20,"Tarih":"2022-01-05T00:00:00","BaslangicSaati":"14:00-15:00","OdaNo":2},{"KutuphaneId":21,"Tarih":"2022-01-05T00:00:00","BaslangicSaati":"13:00-14:00","OdaNo":2},{"KutuphaneId":22,"Tarih":"2022-01-05T00:00:00","BaslangicSaati":"16:00-17:00","OdaNo":2},{"KutuphaneId":23,"Tarih":"2022-01-05T00:00:00","BaslangicSaati":"12:00-13:00","OdaNo":2}],"success":true,"status":0,"message":"Baþarýlý"}
 2022-01-05 06:16:46,587 DEBUG SksRezervasyon.WebAPI.Logger.Debug [27] - MESSAGE: YemekhaneRezervasyonListele Started{"OgrenciId":null}
 2022-01-05 06:16:46,593 DEBUG SksRezervasyon.WebAPI.Logger.Debug [27] - MESSAGE: YemekhaneRezervasyonListele{"data":[{"YemekhaneId":17,"Tarih":"2022-01-17T00:00:00","Fiyat":"3,5","Ogun":"Oglen"},{"YemekhaneId":18,"Tarih":"2022-01-17T00:00:00","Fiyat":"3,5","Ogun":"Oglen"},{"YemekhaneId":19,"Tarih":"2022-01-17T00:00:00","Fiyat":"3,5","Ogun":"Oglen"},{"YemekhaneId":20,"Tarih":"2022-01-17T00:00:00","Fiyat":"3,5","Ogun":"Oglen"},{"YemekhaneId":21,"Tarih":"2022-01-18T00:00:00","Fiyat":"3,5","Ogun":"Oglen"},{"YemekhaneId":22,"Tarih":"2022-01-19T00:00:00","Fiyat":"3,5","Ogun":"Oglen"},{"YemekhaneId":23,"Tarih":"2022-01-19T00:00:00","Fiyat":"1,5","Ogun":"Aksam"},{"YemekhaneId":24,"Tarih":"2022-01-20T00:00:00","Fiyat":"3,5","Ogun":"Oglen"},{"YemekhaneId":25,"Tarih":"2022-01-19T00:00:00","Fiyat":"1,5","Ogun":"Aksam"}],"success":true,"status":0,"message":"Baþarýlý"}
 2022-01-05 06:16:47,696 DEBUG SksRezervasyon.WebAPI.Logger.Debug [27] - MESSAGE: YemekhaneRezervasyonListele Started{"OgrenciId":null}
 2022-01-05 06:16:47,703 DEBUG SksRezervasyon.WebAPI.Logger.Debug [27] - MESSAGE: YemekhaneRezervasyonListele{"data":[{"YemekhaneId":17,"Tarih":"2022-01-17T00:00:00","Fiyat":"3,5","Ogun":"Oglen"},{"YemekhaneId":18,"Tarih":"2022-01-17T00:00:00","Fiyat":"3,5","Ogun":"Oglen"},{"YemekhaneId":19,"Tarih":"2022-01-17T00:00:00","Fiyat":"3,5","Ogun":"Oglen"},{"YemekhaneId":20,"Tarih":"2022-01-17T00:00:00","Fiyat":"3,5","Ogun":"Oglen"},{"YemekhaneId":21,"Tarih":"2022-01-18T00:00:00","Fiyat":"3,5","Ogun":"Oglen"},{"YemekhaneId":22,"Tarih":"2022-01-19T00:00:00","Fiyat":"3,5","Ogun":"Oglen"},{"YemekhaneId":23,"Tarih":"2022-01-19T00:00:00","Fiyat":"1,5","Ogun":"Aksam"},{"YemekhaneId":24,"Tarih":"2022-01-20T00:00:00","Fiyat":"3,5","Ogun":"Oglen"},{"YemekhaneId":25,"Tarih":"2022-01-19T00:00:00","Fiyat":"1,5","Ogun":"Aksam"}],"success":true,"status":0,"message":"Baþarýlý"}
 2022-01-05 06:16:47,723 DEBUG SksRezervasyon.WebAPI.Logger.Debug [27] - MESSAGE: YemekhaneRezervasyonIptal{"data":{},"success":true,"status":0,"message":"Baþarýlý"}
 2022-01-05 06:16:48,786 DEBUG SksRezervasyon.WebAPI.Logger.Debug [27] - MESSAGE: YemekhaneRezervasyonIptal Started{"YemekhaneId":18}
 2022-01-05 06:16:48,792 DEBUG SksRezervasyon.WebAPI.Logger.Debug [27] - MESSAGE: YemekhaneRezervasyonListele Started{"OgrenciId":null}
 2022-01-05 06:16:48,799 DEBUG SksRezervasyon.WebAPI.Logger.Debug [27] - MESSAGE: YemekhaneRezervasyonListele{"data":[{"YemekhaneId":19,"Tarih":"2022-01-17T00:00:00","Fiyat":"3,5","Ogun":"Oglen"},{"YemekhaneId":20,"Tarih":"2022-01-17T00:00:00","Fiyat":"3,5","Ogun":"Oglen"},{"YemekhaneId":21,"Tarih":"2022-01-18T00:00:00","Fiyat":"3,5","Ogun":"Oglen"},{"YemekhaneId":22,"Tarih":"2022-01-19T00:00:00","Fiyat":"3,5","Ogun":"Oglen"},{"YemekhaneId":23,"Tarih":"2022-01-19T00:00:00","Fiyat":"1,5","Ogun":"Aksam"},{"YemekhaneId":24,"Tarih":"2022-01-20T00:00:00","Fiyat":"3,5","Ogun":"Oglen"},{"YemekhaneId":25,"Tarih":"2022-01-19T00:00:00","Fiyat":"1,5","Ogun":"Aksam"}],"success":true,"status":0,"message":"Baþarýlý"}
 2022-01-05 06:16:50,140 DEBUG SksRezervasyon.WebAPI.Logger.Debug [27] - MESSAGE: YemekhaneRezervasyonIptal Started{"YemekhaneId":23}
 2022-01-05 06:16:50,146 DEBUG SksRezervasyon.WebAPI.Logger.Debug [27] - MESSAGE: YemekhaneRezervasyonListele Started{"OgrenciId":null}
 